COPY error on lines 
COPY error: syntax error at or near "'arbusti'"
LINE 1: COPY 'arbusti' ()  FROM STDOUT WITH DELIMITER ','
             ^


COPY error on lines 
COPY error: syntax error at or near "'arbusti'"
LINE 1: COPY 'arbusti' ()  FROM STDOUT WITH DELIMITER ','
             ^


COPY error on lines 
COPY error: syntax error at or near "'arbusti'"
LINE 1: COPY 'arbusti' ()  FROM STDOUT WITH DELIMITER ','
             ^


COPY error on lines 
COPY error: syntax error at or near "'arbusti'"
LINE 1: COPY 'arbusti' ()  FROM STDOUT WITH DELIMITER ','
             ^


COPY error on lines 
COPY error: syntax error at or near "'arbusti'"
LINE 1: COPY 'arbusti' ()  FROM STDOUT WITH DELIMITER ','
             ^


COPY error on lines 
COPY error: syntax error at or near "'arbusti'"
LINE 1: COPY 'arbusti' ()  FROM STDOUT WITH DELIMITER ','
             ^


COPY error on lines 
COPY error: syntax error at or near "'arbusti'"
LINE 1: COPY 'arbusti' ()  FROM STDOUT WITH DELIMITER ','
             ^


COPY error on lines 
COPY error: syntax error at or near "'arbusti'"
LINE 1: COPY 'arbusti' ()  FROM STDOUT WITH DELIMITER ','
             ^


COPY error on lines 
COPY error: syntax error at or near "'arbusti'"
LINE 1: COPY 'arbusti' ()  FROM STDOUT WITH DELIMITER ','
             ^


COPY error on lines 
COPY error: syntax error at or near "'arbusti'"
LINE 1: COPY 'arbusti' ()  FROM STDOUT WITH DELIMITER ','
             ^


COPY error on lines 
COPY error: syntax error at or near "'arbusti'"
LINE 1: COPY 'arbusti' ()  FROM STDOUT WITH DELIMITER ','
             ^


COPY error on lines 
COPY error: syntax error at or near "'arbusti'"
LINE 1: COPY 'arbusti' ()  FROM STDOUT WITH DELIMITER ','
             ^


COPY error on lines 
COPY error: syntax error at or near "'arbusti'"
LINE 1: COPY 'arbusti' ()  FROM STDOUT WITH DELIMITER ','
             ^


COPY error on lines 
COPY error: syntax error at or near "'arbusti'"
LINE 1: COPY 'arbusti' ()  FROM STDOUT WITH DELIMITER ','
             ^


COPY error on lines 
COPY error: syntax error at or near "'arbusti'"
LINE 1: COPY 'arbusti' ()  FROM STDOUT WITH DELIMITER ','
             ^


COPY error on lines 
COPY error: syntax error at or near "'arbusti'"
LINE 1: COPY 'arbusti' ()  FROM STDOUT WITH DELIMITER ','
             ^


COPY error on lines 
COPY error: syntax error at or near "'arbusti'"
LINE 1: COPY 'arbusti' ()  FROM STDOUT WITH DELIMITER ','
             ^


COPY error on lines 
COPY error: syntax error at or near "'arbusti'"
LINE 1: COPY 'arbusti' ()  FROM STDOUT WITH DELIMITER ','
             ^


COPY error on lines 
COPY error: syntax error at or near "'arbusti'"
LINE 1: COPY 'arbusti' ()  FROM STDOUT WITH DELIMITER ','
             ^


COPY error on lines 
COPY error: syntax error at or near "'arbusti'"
LINE 1: COPY 'arbusti' ()  FROM STDOUT WITH DELIMITER ','
             ^


COPY error on lines 
COPY error: syntax error at or near "'arbusti'"
LINE 1: COPY 'arbusti' ()  FROM STDOUT WITH DELIMITER ','
             ^


COPY error on lines 
COPY error: syntax error at or near "'arbusti'"
LINE 1: COPY 'arbusti' ()  FROM STDOUT WITH DELIMITER ','
             ^


COPY error on lines 
COPY error: syntax error at or near "'arbusti'"
LINE 1: COPY 'arbusti' ()  FROM STDOUT WITH DELIMITER ','
             ^


COPY error on lines 
COPY error: syntax error at or near "'arbusti'"
LINE 1: COPY 'arbusti' ()  FROM STDOUT WITH DELIMITER ','
             ^


COPY error on lines 
COPY error: syntax error at or near "'arbusti'"
LINE 1: COPY 'arbusti' ()  FROM STDOUT WITH DELIMITER ','
             ^


COPY error on lines 
COPY error: syntax error at or near "'arbusti'"
LINE 1: COPY 'arbusti' ()  FROM STDOUT WITH DELIMITER ','
             ^


COPY error on lines 
COPY error: syntax error at or near "'arbusti'"
LINE 1: COPY 'arbusti' ()  FROM STDOUT WITH DELIMITER ','
             ^


COPY error on lines 
COPY error: syntax error at or near "'arbusti'"
LINE 1: COPY 'arbusti' ()  FROM STDOUT WITH DELIMITER ','
             ^


COPY error on lines 
COPY error: syntax error at or near "'arbusti'"
LINE 1: COPY 'arbusti' ()  FROM STDOUT WITH DELIMITER ','
             ^


COPY error on lines 
COPY error: syntax error at or near "'arbusti'"
LINE 1: COPY 'arbusti' ()  FROM STDOUT WITH DELIMITER ','
             ^


COPY error on lines 
COPY error: syntax error at or near "'arbusti'"
LINE 1: COPY 'arbusti' ()  FROM STDOUT WITH DELIMITER ','
             ^


COPY error on lines 
COPY error: syntax error at or near "'arbusti'"
LINE 1: COPY 'arbusti' ()  FROM STDOUT WITH DELIMITER ','
             ^


COPY error on lines 
COPY error: syntax error at or near "'arbusti'"
LINE 1: COPY 'arbusti' ()  FROM STDOUT WITH DELIMITER ','
             ^


COPY error on lines 
COPY error: syntax error at or near "'arbusti'"
LINE 1: COPY 'arbusti' ()  FROM STDOUT WITH DELIMITER ','
             ^


COPY error on lines 
COPY error: syntax error at or near "'arbusti'"
LINE 1: COPY 'arbusti' ()  FROM STDOUT WITH DELIMITER ','
             ^


COPY error on lines 
COPY error: syntax error at or near "'arbusti'"
LINE 1: COPY 'arbusti' ()  FROM STDOUT WITH DELIMITER ','
             ^


COPY error on lines 
COPY error: syntax error at or near "'arbusti'"
LINE 1: COPY 'arbusti' ()  FROM STDOUT WITH DELIMITER ','
             ^


COPY error on lines 
COPY error: syntax error at or near "'arbusti'"
LINE 1: COPY 'arbusti' ()  FROM STDOUT WITH DELIMITER ','
             ^


COPY error on lines 
COPY error: syntax error at or near "'arbusti'"
LINE 1: COPY 'arbusti' ()  FROM STDOUT WITH DELIMITER ','
             ^


COPY error on lines 
COPY error: syntax error at or near "'arbusti'"
LINE 1: COPY 'arbusti' ()  FROM STDOUT WITH DELIMITER ','
             ^


COPY error on lines 
COPY error: syntax error at or near "'arbusti'"
LINE 1: COPY 'arbusti' ()  FROM STDOUT WITH DELIMITER ','
             ^


COPY error on lines 
COPY error: syntax error at or near "'arbusti'"
LINE 1: COPY 'arbusti' ()  FROM STDOUT WITH DELIMITER ','
             ^


COPY error on lines 
COPY error: syntax error at or near "'arbusti'"
LINE 1: COPY 'arbusti' ()  FROM STDOUT WITH DELIMITER ','
             ^


COPY error on lines 
COPY error: syntax error at or near "'arbusti'"
LINE 1: COPY 'arbusti' ()  FROM STDOUT WITH DELIMITER ','
             ^


COPY error on lines 
COPY error: syntax error at or near "'arbusti'"
LINE 1: COPY 'arbusti' ()  FROM STDOUT WITH DELIMITER ','
             ^


COPY error on lines 
COPY error: syntax error at or near "'arbusti'"
LINE 1: COPY 'arbusti' ()  FROM STDOUT WITH DELIMITER ','
             ^


COPY error on lines 
COPY error: syntax error at or near "'arbusti'"
LINE 1: COPY 'arbusti' ()  FROM STDOUT WITH DELIMITER ','
             ^


COPY error on lines 
COPY error: syntax error at or near "'arbusti'"
LINE 1: COPY 'arbusti' ()  FROM STDOUT WITH DELIMITER ','
             ^


COPY error on lines 
COPY error: syntax error at or near "'arbusti'"
LINE 1: COPY 'arbusti' ()  FROM STDOUT WITH DELIMITER ','
             ^


COPY error on lines 
COPY error: syntax error at or near "'arbusti'"
LINE 1: COPY 'arbusti' ()  FROM STDOUT WITH DELIMITER ','
             ^


COPY error on lines 
COPY error: syntax error at or near "'arbusti'"
LINE 1: COPY 'arbusti' ()  FROM STDOUT WITH DELIMITER ','
             ^


COPY error on lines 
COPY error: syntax error at or near "'arbusti'"
LINE 1: COPY 'arbusti' ()  FROM STDOUT WITH DELIMITER ','
             ^


COPY error on lines 
COPY error: syntax error at or near "'arbusti'"
LINE 1: COPY 'arbusti' ()  FROM STDOUT WITH DELIMITER ','
             ^


COPY error on lines 
COPY error: syntax error at or near "'arbusti'"
LINE 1: COPY 'arbusti' ()  FROM STDOUT WITH DELIMITER ','
             ^


COPY error on lines 
COPY error: syntax error at or near "'arbusti'"
LINE 1: COPY 'arbusti' ()  FROM STDOUT WITH DELIMITER ','
             ^


COPY error on lines 
COPY error: syntax error at or near "'arbusti'"
LINE 1: COPY 'arbusti' ()  FROM STDOUT WITH DELIMITER ','
             ^


COPY error on lines 
COPY error: syntax error at or near "'arbusti'"
LINE 1: COPY 'arbusti' ()  FROM STDOUT WITH DELIMITER ','
             ^


COPY error on lines 
COPY error: syntax error at or near "'arbusti'"
LINE 1: COPY 'arbusti' ()  FROM STDOUT WITH DELIMITER ','
             ^


COPY error on lines 
COPY error: syntax error at or near "'arbusti'"
LINE 1: COPY 'arbusti' ()  FROM STDOUT WITH DELIMITER ','
             ^


COPY error on lines 
COPY error: syntax error at or near "'arbusti'"
LINE 1: COPY 'arbusti' ()  FROM STDOUT WITH DELIMITER ','
             ^


COPY error on lines 
COPY error: syntax error at or near "'arbusti'"
LINE 1: COPY 'arbusti' ()  FROM STDOUT WITH DELIMITER ','
             ^


COPY error on lines 
COPY error: syntax error at or near "'arbusti'"
LINE 1: COPY 'arbusti' ()  FROM STDOUT WITH DELIMITER ','
             ^


COPY error on lines 
COPY error: syntax error at or near "'arbusti'"
LINE 1: COPY 'arbusti' ()  FROM STDOUT WITH DELIMITER ','
             ^


COPY error on lines 
COPY error: syntax error at or near "'arbusti'"
LINE 1: COPY 'arbusti' ()  FROM STDOUT WITH DELIMITER ','
             ^


COPY error on lines 
COPY error: syntax error at or near "'arbusti'"
LINE 1: COPY 'arbusti' ()  FROM STDOUT WITH DELIMITER ','
             ^


COPY error on lines 
COPY error: syntax error at or near "'arbusti'"
LINE 1: COPY 'arbusti' ()  FROM STDOUT WITH DELIMITER ','
             ^


COPY error on lines 
COPY error: syntax error at or near "'arbusti'"
LINE 1: COPY 'arbusti' ()  FROM STDOUT WITH DELIMITER ','
             ^


COPY error on lines 
COPY error: syntax error at or near "'arbusti'"
LINE 1: COPY 'arbusti' ()  FROM STDOUT WITH DELIMITER ','
             ^


COPY error on lines 
COPY error: syntax error at or near "'arbusti'"
LINE 1: COPY 'arbusti' ()  FROM STDOUT WITH DELIMITER ','
             ^


COPY error on lines 
COPY error: syntax error at or near "'arbusti'"
LINE 1: COPY 'arbusti' ()  FROM STDOUT WITH DELIMITER ','
             ^


COPY error on lines 
COPY error: syntax error at or near "'arbusti'"
LINE 1: COPY 'arbusti' ()  FROM STDOUT WITH DELIMITER ','
             ^


COPY error on lines 
COPY error: syntax error at or near "'arbusti'"
LINE 1: COPY 'arbusti' ()  FROM STDOUT WITH DELIMITER ','
             ^


COPY error on lines 
COPY error: syntax error at or near "'arbusti'"
LINE 1: COPY 'arbusti' ()  FROM STDOUT WITH DELIMITER ','
             ^


COPY error on lines 
COPY error: syntax error at or near "'arbusti'"
LINE 1: COPY 'arbusti' ()  FROM STDOUT WITH DELIMITER ','
             ^


COPY error on lines 
COPY error: syntax error at or near "'arbusti'"
LINE 1: COPY 'arbusti' ()  FROM STDOUT WITH DELIMITER ','
             ^


COPY error on lines 
COPY error: syntax error at or near "'arbusti'"
LINE 1: COPY 'arbusti' ()  FROM STDOUT WITH DELIMITER ','
             ^


COPY error on lines 
COPY error: syntax error at or near "'arbusti'"
LINE 1: COPY 'arbusti' ()  FROM STDOUT WITH DELIMITER ','
             ^


COPY error on lines 
COPY error: syntax error at or near "'arbusti'"
LINE 1: COPY 'arbusti' ()  FROM STDOUT WITH DELIMITER ','
             ^


COPY error on lines 
COPY error: syntax error at or near "'arbusti'"
LINE 1: COPY 'arbusti' ()  FROM STDOUT WITH DELIMITER ','
             ^


COPY error on lines 
COPY error: syntax error at or near "'arbusti'"
LINE 1: COPY 'arbusti' ()  FROM STDOUT WITH DELIMITER ','
             ^


COPY error on lines 
COPY error: syntax error at or near "'arbusti'"
LINE 1: COPY 'arbusti' ()  FROM STDOUT WITH DELIMITER ','
             ^


COPY error on lines 
COPY error: syntax error at or near "'arbusti'"
LINE 1: COPY 'arbusti' ()  FROM STDOUT WITH DELIMITER ','
             ^


COPY error on lines 
COPY error: syntax error at or near "'arbusti'"
LINE 1: COPY 'arbusti' ()  FROM STDOUT WITH DELIMITER ','
             ^


COPY error on lines 
COPY error: syntax error at or near "'arbusti'"
LINE 1: COPY 'arbusti' ()  FROM STDOUT WITH DELIMITER ','
             ^


COPY error on lines 
COPY error: syntax error at or near "'arbusti'"
LINE 1: COPY 'arbusti' ()  FROM STDOUT WITH DELIMITER ','
             ^


COPY error on lines 
COPY error: syntax error at or near "'arbusti'"
LINE 1: COPY 'arbusti' ()  FROM STDOUT WITH DELIMITER ','
             ^


COPY error on lines 
COPY error: syntax error at or near "'arbusti'"
LINE 1: COPY 'arbusti' ()  FROM STDOUT WITH DELIMITER ','
             ^


COPY error on lines 
COPY error: syntax error at or near "'arbusti'"
LINE 1: COPY 'arbusti' ()  FROM STDOUT WITH DELIMITER ','
             ^


COPY error on lines 
COPY error: syntax error at or near "'arbusti'"
LINE 1: COPY 'arbusti' ()  FROM STDOUT WITH DELIMITER ','
             ^


COPY error on lines 
COPY error: syntax error at or near "'arbusti'"
LINE 1: COPY 'arbusti' ()  FROM STDOUT WITH DELIMITER ','
             ^


COPY error on lines 
COPY error: syntax error at or near "'arbusti'"
LINE 1: COPY 'arbusti' ()  FROM STDOUT WITH DELIMITER ','
             ^


COPY error on lines 
COPY error: syntax error at or near "'arbusti'"
LINE 1: COPY 'arbusti' ()  FROM STDOUT WITH DELIMITER ','
             ^


COPY error on lines 
COPY error: syntax error at or near "'arbusti'"
LINE 1: COPY 'arbusti' ()  FROM STDOUT WITH DELIMITER ','
             ^


COPY error on lines 
COPY error: syntax error at or near "'arbusti'"
LINE 1: COPY 'arbusti' ()  FROM STDOUT WITH DELIMITER ','
             ^


COPY error on lines 
COPY error: syntax error at or near "'arbusti'"
LINE 1: COPY 'arbusti' ()  FROM STDOUT WITH DELIMITER ','
             ^


COPY error on lines 
COPY error: syntax error at or near "'arbusti'"
LINE 1: COPY 'arbusti' ()  FROM STDOUT WITH DELIMITER ','
             ^


COPY error on lines 
COPY error: syntax error at or near "'arbusti'"
LINE 1: COPY 'arbusti' ()  FROM STDOUT WITH DELIMITER ','
             ^


COPY error on lines 
COPY error: syntax error at or near "'arbusti'"
LINE 1: COPY 'arbusti' ()  FROM STDOUT WITH DELIMITER ','
             ^


COPY error on lines 
COPY error: syntax error at or near "'arbusti'"
LINE 1: COPY 'arbusti' ()  FROM STDOUT WITH DELIMITER ','
             ^


COPY error on lines 
COPY error: syntax error at or near "'arbusti'"
LINE 1: COPY 'arbusti' ()  FROM STDOUT WITH DELIMITER ','
             ^


COPY error on lines 100
COPY error: syntax error at or near "'arbusti'"
LINE 1: COPY 'arbusti' ()  FROM STDOUT WITH DELIMITER ','
             ^


COPY error on lines 101
COPY error: syntax error at or near "'arbusti'"
LINE 1: COPY 'arbusti' ()  FROM STDOUT WITH DELIMITER ','
             ^


COPY error on lines 102
COPY error: syntax error at or near "'arbusti'"
LINE 1: COPY 'arbusti' ()  FROM STDOUT WITH DELIMITER ','
             ^


COPY error on lines 103
COPY error: syntax error at or near "'arbusti'"
LINE 1: COPY 'arbusti' ()  FROM STDOUT WITH DELIMITER ','
             ^


COPY error on lines 104
COPY error: syntax error at or near "'arbusti'"
LINE 1: COPY 'arbusti' ()  FROM STDOUT WITH DELIMITER ','
             ^


COPY error on lines 105
COPY error: syntax error at or near "'arbusti'"
LINE 1: COPY 'arbusti' ()  FROM STDOUT WITH DELIMITER ','
             ^


COPY error on lines 106
COPY error: syntax error at or near "'arbusti'"
LINE 1: COPY 'arbusti' ()  FROM STDOUT WITH DELIMITER ','
             ^


COPY error on lines 107
COPY error: syntax error at or near "'arbusti'"
LINE 1: COPY 'arbusti' ()  FROM STDOUT WITH DELIMITER ','
             ^


COPY error on lines 108
COPY error: syntax error at or near "'arbusti'"
LINE 1: COPY 'arbusti' ()  FROM STDOUT WITH DELIMITER ','
             ^


COPY error on lines 109
COPY error: syntax error at or near "'arbusti'"
LINE 1: COPY 'arbusti' ()  FROM STDOUT WITH DELIMITER ','
             ^


COPY error on lines 110
COPY error: syntax error at or near "'arbusti'"
LINE 1: COPY 'arbusti' ()  FROM STDOUT WITH DELIMITER ','
             ^


COPY error on lines 111
COPY error: syntax error at or near "'arbusti'"
LINE 1: COPY 'arbusti' ()  FROM STDOUT WITH DELIMITER ','
             ^


COPY error on lines 112
COPY error: syntax error at or near "'arbusti'"
LINE 1: COPY 'arbusti' ()  FROM STDOUT WITH DELIMITER ','
             ^


COPY error on lines 113
COPY error: syntax error at or near "'arbusti'"
LINE 1: COPY 'arbusti' ()  FROM STDOUT WITH DELIMITER ','
             ^


COPY error on lines 114
COPY error: syntax error at or near "'arbusti'"
LINE 1: COPY 'arbusti' ()  FROM STDOUT WITH DELIMITER ','
             ^


COPY error on lines 115
COPY error: syntax error at or near "'arbusti'"
LINE 1: COPY 'arbusti' ()  FROM STDOUT WITH DELIMITER ','
             ^


COPY error on lines 116
COPY error: syntax error at or near "'arbusti'"
LINE 1: COPY 'arbusti' ()  FROM STDOUT WITH DELIMITER ','
             ^


COPY error on lines 117
COPY error: syntax error at or near "'arbusti'"
LINE 1: COPY 'arbusti' ()  FROM STDOUT WITH DELIMITER ','
             ^


COPY error on lines 118
COPY error: syntax error at or near "'arbusti'"
LINE 1: COPY 'arbusti' ()  FROM STDOUT WITH DELIMITER ','
             ^


COPY error on lines 119
COPY error: syntax error at or near "'arbusti'"
LINE 1: COPY 'arbusti' ()  FROM STDOUT WITH DELIMITER ','
             ^


COPY error on lines 120
COPY error: syntax error at or near "'arbusti'"
LINE 1: COPY 'arbusti' ()  FROM STDOUT WITH DELIMITER ','
             ^


COPY error on lines 121
COPY error: syntax error at or near "'arbusti'"
LINE 1: COPY 'arbusti' ()  FROM STDOUT WITH DELIMITER ','
             ^


COPY error on lines 122
COPY error: syntax error at or near "'arbusti'"
LINE 1: COPY 'arbusti' ()  FROM STDOUT WITH DELIMITER ','
             ^


COPY error on lines 123
COPY error: syntax error at or near "'arbusti'"
LINE 1: COPY 'arbusti' ()  FROM STDOUT WITH DELIMITER ','
             ^


COPY error on lines 124
COPY error: syntax error at or near "'arbusti'"
LINE 1: COPY 'arbusti' ()  FROM STDOUT WITH DELIMITER ','
             ^


COPY error on lines 125
COPY error: syntax error at or near "'arbusti'"
LINE 1: COPY 'arbusti' ()  FROM STDOUT WITH DELIMITER ','
             ^


COPY error on lines 126
COPY error: syntax error at or near "'arbusti'"
LINE 1: COPY 'arbusti' ()  FROM STDOUT WITH DELIMITER ','
             ^


COPY error on lines 127
COPY error: syntax error at or near "'arbusti'"
LINE 1: COPY 'arbusti' ()  FROM STDOUT WITH DELIMITER ','
             ^


COPY error on lines 128
COPY error: syntax error at or near "'arbusti'"
LINE 1: COPY 'arbusti' ()  FROM STDOUT WITH DELIMITER ','
             ^


COPY error on lines 129
COPY error: syntax error at or near "'arbusti'"
LINE 1: COPY 'arbusti' ()  FROM STDOUT WITH DELIMITER ','
             ^


COPY error on lines 130
COPY error: syntax error at or near "'arbusti'"
LINE 1: COPY 'arbusti' ()  FROM STDOUT WITH DELIMITER ','
             ^


COPY error on lines 131
COPY error: syntax error at or near "'arbusti'"
LINE 1: COPY 'arbusti' ()  FROM STDOUT WITH DELIMITER ','
             ^


COPY error on lines 132
COPY error: syntax error at or near "'arbusti'"
LINE 1: COPY 'arbusti' ()  FROM STDOUT WITH DELIMITER ','
             ^


COPY error on lines 133
COPY error: syntax error at or near "'arbusti'"
LINE 1: COPY 'arbusti' ()  FROM STDOUT WITH DELIMITER ','
             ^


COPY error on lines 134
COPY error: syntax error at or near "'arbusti'"
LINE 1: COPY 'arbusti' ()  FROM STDOUT WITH DELIMITER ','
             ^


COPY error on lines 135
COPY error: syntax error at or near "'arbusti'"
LINE 1: COPY 'arbusti' ()  FROM STDOUT WITH DELIMITER ','
             ^


COPY error on lines 136
COPY error: syntax error at or near "'arbusti'"
LINE 1: COPY 'arbusti' ()  FROM STDOUT WITH DELIMITER ','
             ^


COPY error on lines 137
COPY error: syntax error at or near "'arbusti'"
LINE 1: COPY 'arbusti' ()  FROM STDOUT WITH DELIMITER ','
             ^


COPY error on lines 138
COPY error: syntax error at or near "'arbusti'"
LINE 1: COPY 'arbusti' ()  FROM STDOUT WITH DELIMITER ','
             ^


COPY error on lines 139
COPY error: syntax error at or near "'arbusti'"
LINE 1: COPY 'arbusti' ()  FROM STDOUT WITH DELIMITER ','
             ^


COPY error on lines 140
COPY error: syntax error at or near "'arbusti'"
LINE 1: COPY 'arbusti' ()  FROM STDOUT WITH DELIMITER ','
             ^


COPY error on lines 141
COPY error: syntax error at or near "'arbusti'"
LINE 1: COPY 'arbusti' ()  FROM STDOUT WITH DELIMITER ','
             ^


COPY error on lines 142
COPY error: syntax error at or near "'arbusti'"
LINE 1: COPY 'arbusti' ()  FROM STDOUT WITH DELIMITER ','
             ^


COPY error on lines 143
COPY error: syntax error at or near "'arbusti'"
LINE 1: COPY 'arbusti' ()  FROM STDOUT WITH DELIMITER ','
             ^


COPY error on lines 144
COPY error: syntax error at or near "'arbusti'"
LINE 1: COPY 'arbusti' ()  FROM STDOUT WITH DELIMITER ','
             ^


COPY error on lines 145
COPY error: syntax error at or near "'arbusti'"
LINE 1: COPY 'arbusti' ()  FROM STDOUT WITH DELIMITER ','
             ^


COPY error on lines 146
COPY error: syntax error at or near "'arbusti'"
LINE 1: COPY 'arbusti' ()  FROM STDOUT WITH DELIMITER ','
             ^


COPY error on lines 147
COPY error: syntax error at or near "'arbusti'"
LINE 1: COPY 'arbusti' ()  FROM STDOUT WITH DELIMITER ','
             ^


COPY error on lines 148
COPY error: syntax error at or near "'arbusti'"
LINE 1: COPY 'arbusti' ()  FROM STDOUT WITH DELIMITER ','
             ^


COPY error on lines 149
COPY error: syntax error at or near "'arbusti'"
LINE 1: COPY 'arbusti' ()  FROM STDOUT WITH DELIMITER ','
             ^


COPY error on lines 150
COPY error: syntax error at or near "'arbusti'"
LINE 1: COPY 'arbusti' ()  FROM STDOUT WITH DELIMITER ','
             ^


COPY error on lines 151
COPY error: syntax error at or near "'arbusti'"
LINE 1: COPY 'arbusti' ()  FROM STDOUT WITH DELIMITER ','
             ^


COPY error on lines 152
COPY error: syntax error at or near "'arbusti'"
LINE 1: COPY 'arbusti' ()  FROM STDOUT WITH DELIMITER ','
             ^


COPY error on lines 153
COPY error: syntax error at or near "'arbusti'"
LINE 1: COPY 'arbusti' ()  FROM STDOUT WITH DELIMITER ','
             ^


COPY error on lines 154
COPY error: syntax error at or near "'arbusti'"
LINE 1: COPY 'arbusti' ()  FROM STDOUT WITH DELIMITER ','
             ^


COPY error on lines 155
COPY error: syntax error at or near "'arbusti'"
LINE 1: COPY 'arbusti' ()  FROM STDOUT WITH DELIMITER ','
             ^


COPY error on lines 156
COPY error: syntax error at or near "'arbusti'"
LINE 1: COPY 'arbusti' ()  FROM STDOUT WITH DELIMITER ','
             ^


COPY error on lines 157
COPY error: syntax error at or near "'arbusti'"
LINE 1: COPY 'arbusti' ()  FROM STDOUT WITH DELIMITER ','
             ^


COPY error on lines 158
COPY error: syntax error at or near "'arbusti'"
LINE 1: COPY 'arbusti' ()  FROM STDOUT WITH DELIMITER ','
             ^


COPY error on lines 159
COPY error: syntax error at or near "'arbusti'"
LINE 1: COPY 'arbusti' ()  FROM STDOUT WITH DELIMITER ','
             ^


COPY error on lines 160
COPY error: syntax error at or near "'arbusti'"
LINE 1: COPY 'arbusti' ()  FROM STDOUT WITH DELIMITER ','
             ^


COPY error on lines 161
COPY error: syntax error at or near "'arbusti'"
LINE 1: COPY 'arbusti' ()  FROM STDOUT WITH DELIMITER ','
             ^


COPY error on lines 162
COPY error: syntax error at or near "'arbusti'"
LINE 1: COPY 'arbusti' ()  FROM STDOUT WITH DELIMITER ','
             ^


