COPY error on lines 
COPY error: syntax error at or near "'diz_tavole'"
LINE 1: COPY 'diz_tavole' ()  FROM STDOUT WITH DELIMITER ','
             ^


COPY error on lines 
COPY error: syntax error at or near "'diz_tavole'"
LINE 1: COPY 'diz_tavole' ()  FROM STDOUT WITH DELIMITER ','
             ^


COPY error on lines 
COPY error: syntax error at or near "'diz_tavole'"
LINE 1: COPY 'diz_tavole' ()  FROM STDOUT WITH DELIMITER ','
             ^


COPY error on lines 
COPY error: syntax error at or near "'diz_tavole'"
LINE 1: COPY 'diz_tavole' ()  FROM STDOUT WITH DELIMITER ','
             ^


COPY error on lines 
COPY error: syntax error at or near "'diz_tavole'"
LINE 1: COPY 'diz_tavole' ()  FROM STDOUT WITH DELIMITER ','
             ^


COPY error on lines 
COPY error: syntax error at or near "'diz_tavole'"
LINE 1: COPY 'diz_tavole' ()  FROM STDOUT WITH DELIMITER ','
             ^


COPY error on lines 
COPY error: syntax error at or near "'diz_tavole'"
LINE 1: COPY 'diz_tavole' ()  FROM STDOUT WITH DELIMITER ','
             ^


COPY error on lines 
COPY error: syntax error at or near "'diz_tavole'"
LINE 1: COPY 'diz_tavole' ()  FROM STDOUT WITH DELIMITER ','
             ^


COPY error on lines 
COPY error: syntax error at or near "'diz_tavole'"
LINE 1: COPY 'diz_tavole' ()  FROM STDOUT WITH DELIMITER ','
             ^


COPY error on lines 
COPY error: syntax error at or near "'diz_tavole'"
LINE 1: COPY 'diz_tavole' ()  FROM STDOUT WITH DELIMITER ','
             ^


COPY error on lines 
COPY error: syntax error at or near "'diz_tavole'"
LINE 1: COPY 'diz_tavole' ()  FROM STDOUT WITH DELIMITER ','
             ^


COPY error on lines 
COPY error: syntax error at or near "'diz_tavole'"
LINE 1: COPY 'diz_tavole' ()  FROM STDOUT WITH DELIMITER ','
             ^


COPY error on lines 
COPY error: syntax error at or near "'diz_tavole'"
LINE 1: COPY 'diz_tavole' ()  FROM STDOUT WITH DELIMITER ','
             ^


COPY error on lines 
COPY error: syntax error at or near "'diz_tavole'"
LINE 1: COPY 'diz_tavole' ()  FROM STDOUT WITH DELIMITER ','
             ^


COPY error on lines 
COPY error: syntax error at or near "'diz_tavole'"
LINE 1: COPY 'diz_tavole' ()  FROM STDOUT WITH DELIMITER ','
             ^


COPY error on lines 
COPY error: syntax error at or near "'diz_tavole'"
LINE 1: COPY 'diz_tavole' ()  FROM STDOUT WITH DELIMITER ','
             ^


COPY error on lines 
COPY error: syntax error at or near "'diz_tavole'"
LINE 1: COPY 'diz_tavole' ()  FROM STDOUT WITH DELIMITER ','
             ^


COPY error on lines 
COPY error: syntax error at or near "'diz_tavole'"
LINE 1: COPY 'diz_tavole' ()  FROM STDOUT WITH DELIMITER ','
             ^


COPY error on lines 
COPY error: syntax error at or near "'diz_tavole'"
LINE 1: COPY 'diz_tavole' ()  FROM STDOUT WITH DELIMITER ','
             ^


COPY error on lines 
COPY error: syntax error at or near "'diz_tavole'"
LINE 1: COPY 'diz_tavole' ()  FROM STDOUT WITH DELIMITER ','
             ^


COPY error on lines 
COPY error: syntax error at or near "'diz_tavole'"
LINE 1: COPY 'diz_tavole' ()  FROM STDOUT WITH DELIMITER ','
             ^


COPY error on lines 
COPY error: syntax error at or near "'diz_tavole'"
LINE 1: COPY 'diz_tavole' ()  FROM STDOUT WITH DELIMITER ','
             ^


COPY error on lines 
COPY error: syntax error at or near "'diz_tavole'"
LINE 1: COPY 'diz_tavole' ()  FROM STDOUT WITH DELIMITER ','
             ^


COPY error on lines 
COPY error: syntax error at or near "'diz_tavole'"
LINE 1: COPY 'diz_tavole' ()  FROM STDOUT WITH DELIMITER ','
             ^


COPY error on lines 
COPY error: syntax error at or near "'diz_tavole'"
LINE 1: COPY 'diz_tavole' ()  FROM STDOUT WITH DELIMITER ','
             ^


COPY error on lines 
COPY error: syntax error at or near "'diz_tavole'"
LINE 1: COPY 'diz_tavole' ()  FROM STDOUT WITH DELIMITER ','
             ^


COPY error on lines 
COPY error: syntax error at or near "'diz_tavole'"
LINE 1: COPY 'diz_tavole' ()  FROM STDOUT WITH DELIMITER ','
             ^


COPY error on lines 
COPY error: syntax error at or near "'diz_tavole'"
LINE 1: COPY 'diz_tavole' ()  FROM STDOUT WITH DELIMITER ','
             ^


COPY error on lines 
COPY error: syntax error at or near "'diz_tavole'"
LINE 1: COPY 'diz_tavole' ()  FROM STDOUT WITH DELIMITER ','
             ^


COPY error on lines 
COPY error: syntax error at or near "'diz_tavole'"
LINE 1: COPY 'diz_tavole' ()  FROM STDOUT WITH DELIMITER ','
             ^


COPY error on lines 
COPY error: syntax error at or near "'diz_tavole'"
LINE 1: COPY 'diz_tavole' ()  FROM STDOUT WITH DELIMITER ','
             ^


COPY error on lines 
COPY error: syntax error at or near "'diz_tavole'"
LINE 1: COPY 'diz_tavole' ()  FROM STDOUT WITH DELIMITER ','
             ^


COPY error on lines 
COPY error: syntax error at or near "'diz_tavole'"
LINE 1: COPY 'diz_tavole' ()  FROM STDOUT WITH DELIMITER ','
             ^


COPY error on lines 
COPY error: syntax error at or near "'diz_tavole'"
LINE 1: COPY 'diz_tavole' ()  FROM STDOUT WITH DELIMITER ','
             ^


COPY error on lines 
COPY error: syntax error at or near "'diz_tavole'"
LINE 1: COPY 'diz_tavole' ()  FROM STDOUT WITH DELIMITER ','
             ^


COPY error on lines 
COPY error: syntax error at or near "'diz_tavole'"
LINE 1: COPY 'diz_tavole' ()  FROM STDOUT WITH DELIMITER ','
             ^


COPY error on lines 
COPY error: syntax error at or near "'diz_tavole'"
LINE 1: COPY 'diz_tavole' ()  FROM STDOUT WITH DELIMITER ','
             ^


COPY error on lines 
COPY error: syntax error at or near "'diz_tavole'"
LINE 1: COPY 'diz_tavole' ()  FROM STDOUT WITH DELIMITER ','
             ^


COPY error on lines 
COPY error: syntax error at or near "'diz_tavole'"
LINE 1: COPY 'diz_tavole' ()  FROM STDOUT WITH DELIMITER ','
             ^


COPY error on lines 
COPY error: syntax error at or near "'diz_tavole'"
LINE 1: COPY 'diz_tavole' ()  FROM STDOUT WITH DELIMITER ','
             ^


COPY error on lines 
COPY error: syntax error at or near "'diz_tavole'"
LINE 1: COPY 'diz_tavole' ()  FROM STDOUT WITH DELIMITER ','
             ^


COPY error on lines 
COPY error: syntax error at or near "'diz_tavole'"
LINE 1: COPY 'diz_tavole' ()  FROM STDOUT WITH DELIMITER ','
             ^


COPY error on lines 
COPY error: syntax error at or near "'diz_tavole'"
LINE 1: COPY 'diz_tavole' ()  FROM STDOUT WITH DELIMITER ','
             ^


COPY error on lines 
COPY error: syntax error at or near "'diz_tavole'"
LINE 1: COPY 'diz_tavole' ()  FROM STDOUT WITH DELIMITER ','
             ^


COPY error on lines 
COPY error: syntax error at or near "'diz_tavole'"
LINE 1: COPY 'diz_tavole' ()  FROM STDOUT WITH DELIMITER ','
             ^


COPY error on lines 
COPY error: syntax error at or near "'diz_tavole'"
LINE 1: COPY 'diz_tavole' ()  FROM STDOUT WITH DELIMITER ','
             ^


COPY error on lines 
COPY error: syntax error at or near "'diz_tavole'"
LINE 1: COPY 'diz_tavole' ()  FROM STDOUT WITH DELIMITER ','
             ^


COPY error on lines 
COPY error: syntax error at or near "'diz_tavole'"
LINE 1: COPY 'diz_tavole' ()  FROM STDOUT WITH DELIMITER ','
             ^


COPY error on lines 
COPY error: syntax error at or near "'diz_tavole'"
LINE 1: COPY 'diz_tavole' ()  FROM STDOUT WITH DELIMITER ','
             ^


COPY error on lines 
COPY error: syntax error at or near "'diz_tavole'"
LINE 1: COPY 'diz_tavole' ()  FROM STDOUT WITH DELIMITER ','
             ^


COPY error on lines 
COPY error: syntax error at or near "'diz_tavole'"
LINE 1: COPY 'diz_tavole' ()  FROM STDOUT WITH DELIMITER ','
             ^


COPY error on lines 
COPY error: syntax error at or near "'diz_tavole'"
LINE 1: COPY 'diz_tavole' ()  FROM STDOUT WITH DELIMITER ','
             ^


COPY error on lines 
COPY error: syntax error at or near "'diz_tavole'"
LINE 1: COPY 'diz_tavole' ()  FROM STDOUT WITH DELIMITER ','
             ^


COPY error on lines 
COPY error: syntax error at or near "'diz_tavole'"
LINE 1: COPY 'diz_tavole' ()  FROM STDOUT WITH DELIMITER ','
             ^


COPY error on lines 
COPY error: syntax error at or near "'diz_tavole'"
LINE 1: COPY 'diz_tavole' ()  FROM STDOUT WITH DELIMITER ','
             ^


COPY error on lines 
COPY error: syntax error at or near "'diz_tavole'"
LINE 1: COPY 'diz_tavole' ()  FROM STDOUT WITH DELIMITER ','
             ^


COPY error on lines 
COPY error: syntax error at or near "'diz_tavole'"
LINE 1: COPY 'diz_tavole' ()  FROM STDOUT WITH DELIMITER ','
             ^


COPY error on lines 
COPY error: syntax error at or near "'diz_tavole'"
LINE 1: COPY 'diz_tavole' ()  FROM STDOUT WITH DELIMITER ','
             ^


COPY error on lines 
COPY error: syntax error at or near "'diz_tavole'"
LINE 1: COPY 'diz_tavole' ()  FROM STDOUT WITH DELIMITER ','
             ^


COPY error on lines 
COPY error: syntax error at or near "'diz_tavole'"
LINE 1: COPY 'diz_tavole' ()  FROM STDOUT WITH DELIMITER ','
             ^


COPY error on lines 
COPY error: syntax error at or near "'diz_tavole'"
LINE 1: COPY 'diz_tavole' ()  FROM STDOUT WITH DELIMITER ','
             ^


COPY error on lines 
COPY error: syntax error at or near "'diz_tavole'"
LINE 1: COPY 'diz_tavole' ()  FROM STDOUT WITH DELIMITER ','
             ^


COPY error on lines 
COPY error: syntax error at or near "'diz_tavole'"
LINE 1: COPY 'diz_tavole' ()  FROM STDOUT WITH DELIMITER ','
             ^


COPY error on lines 
COPY error: syntax error at or near "'diz_tavole'"
LINE 1: COPY 'diz_tavole' ()  FROM STDOUT WITH DELIMITER ','
             ^


COPY error on lines 
COPY error: syntax error at or near "'diz_tavole'"
LINE 1: COPY 'diz_tavole' ()  FROM STDOUT WITH DELIMITER ','
             ^


COPY error on lines 
COPY error: syntax error at or near "'diz_tavole'"
LINE 1: COPY 'diz_tavole' ()  FROM STDOUT WITH DELIMITER ','
             ^


COPY error on lines 
COPY error: syntax error at or near "'diz_tavole'"
LINE 1: COPY 'diz_tavole' ()  FROM STDOUT WITH DELIMITER ','
             ^


COPY error on lines 
COPY error: syntax error at or near "'diz_tavole'"
LINE 1: COPY 'diz_tavole' ()  FROM STDOUT WITH DELIMITER ','
             ^


COPY error on lines 
COPY error: syntax error at or near "'diz_tavole'"
LINE 1: COPY 'diz_tavole' ()  FROM STDOUT WITH DELIMITER ','
             ^


COPY error on lines 
COPY error: syntax error at or near "'diz_tavole'"
LINE 1: COPY 'diz_tavole' ()  FROM STDOUT WITH DELIMITER ','
             ^


COPY error on lines 
COPY error: syntax error at or near "'diz_tavole'"
LINE 1: COPY 'diz_tavole' ()  FROM STDOUT WITH DELIMITER ','
             ^


COPY error on lines 
COPY error: syntax error at or near "'diz_tavole'"
LINE 1: COPY 'diz_tavole' ()  FROM STDOUT WITH DELIMITER ','
             ^


COPY error on lines 
COPY error: syntax error at or near "'diz_tavole'"
LINE 1: COPY 'diz_tavole' ()  FROM STDOUT WITH DELIMITER ','
             ^


COPY error on lines 
COPY error: syntax error at or near "'diz_tavole'"
LINE 1: COPY 'diz_tavole' ()  FROM STDOUT WITH DELIMITER ','
             ^


COPY error on lines 
COPY error: syntax error at or near "'diz_tavole'"
LINE 1: COPY 'diz_tavole' ()  FROM STDOUT WITH DELIMITER ','
             ^


COPY error on lines 
COPY error: syntax error at or near "'diz_tavole'"
LINE 1: COPY 'diz_tavole' ()  FROM STDOUT WITH DELIMITER ','
             ^


COPY error on lines 
COPY error: syntax error at or near "'diz_tavole'"
LINE 1: COPY 'diz_tavole' ()  FROM STDOUT WITH DELIMITER ','
             ^


COPY error on lines 
COPY error: syntax error at or near "'diz_tavole'"
LINE 1: COPY 'diz_tavole' ()  FROM STDOUT WITH DELIMITER ','
             ^


COPY error on lines 
COPY error: syntax error at or near "'diz_tavole'"
LINE 1: COPY 'diz_tavole' ()  FROM STDOUT WITH DELIMITER ','
             ^


COPY error on lines 
COPY error: syntax error at or near "'diz_tavole'"
LINE 1: COPY 'diz_tavole' ()  FROM STDOUT WITH DELIMITER ','
             ^


COPY error on lines 
COPY error: syntax error at or near "'diz_tavole'"
LINE 1: COPY 'diz_tavole' ()  FROM STDOUT WITH DELIMITER ','
             ^


COPY error on lines 
COPY error: syntax error at or near "'diz_tavole'"
LINE 1: COPY 'diz_tavole' ()  FROM STDOUT WITH DELIMITER ','
             ^


COPY error on lines 
COPY error: syntax error at or near "'diz_tavole'"
LINE 1: COPY 'diz_tavole' ()  FROM STDOUT WITH DELIMITER ','
             ^


COPY error on lines 
COPY error: syntax error at or near "'diz_tavole'"
LINE 1: COPY 'diz_tavole' ()  FROM STDOUT WITH DELIMITER ','
             ^


COPY error on lines 
COPY error: syntax error at or near "'diz_tavole'"
LINE 1: COPY 'diz_tavole' ()  FROM STDOUT WITH DELIMITER ','
             ^


COPY error on lines 
COPY error: syntax error at or near "'diz_tavole'"
LINE 1: COPY 'diz_tavole' ()  FROM STDOUT WITH DELIMITER ','
             ^


COPY error on lines 
COPY error: syntax error at or near "'diz_tavole'"
LINE 1: COPY 'diz_tavole' ()  FROM STDOUT WITH DELIMITER ','
             ^


COPY error on lines 
COPY error: syntax error at or near "'diz_tavole'"
LINE 1: COPY 'diz_tavole' ()  FROM STDOUT WITH DELIMITER ','
             ^


COPY error on lines 
COPY error: syntax error at or near "'diz_tavole'"
LINE 1: COPY 'diz_tavole' ()  FROM STDOUT WITH DELIMITER ','
             ^


COPY error on lines 
COPY error: syntax error at or near "'diz_tavole'"
LINE 1: COPY 'diz_tavole' ()  FROM STDOUT WITH DELIMITER ','
             ^


COPY error on lines 
COPY error: syntax error at or near "'diz_tavole'"
LINE 1: COPY 'diz_tavole' ()  FROM STDOUT WITH DELIMITER ','
             ^


COPY error on lines 
COPY error: syntax error at or near "'diz_tavole'"
LINE 1: COPY 'diz_tavole' ()  FROM STDOUT WITH DELIMITER ','
             ^


COPY error on lines 
COPY error: syntax error at or near "'diz_tavole'"
LINE 1: COPY 'diz_tavole' ()  FROM STDOUT WITH DELIMITER ','
             ^


COPY error on lines 
COPY error: syntax error at or near "'diz_tavole'"
LINE 1: COPY 'diz_tavole' ()  FROM STDOUT WITH DELIMITER ','
             ^


COPY error on lines 
COPY error: syntax error at or near "'diz_tavole'"
LINE 1: COPY 'diz_tavole' ()  FROM STDOUT WITH DELIMITER ','
             ^


COPY error on lines 
COPY error: syntax error at or near "'diz_tavole'"
LINE 1: COPY 'diz_tavole' ()  FROM STDOUT WITH DELIMITER ','
             ^


COPY error on lines 
COPY error: syntax error at or near "'diz_tavole'"
LINE 1: COPY 'diz_tavole' ()  FROM STDOUT WITH DELIMITER ','
             ^


COPY error on lines 
COPY error: syntax error at or near "'diz_tavole'"
LINE 1: COPY 'diz_tavole' ()  FROM STDOUT WITH DELIMITER ','
             ^


COPY error on lines 
COPY error: syntax error at or near "'diz_tavole'"
LINE 1: COPY 'diz_tavole' ()  FROM STDOUT WITH DELIMITER ','
             ^


COPY error on lines 
COPY error: syntax error at or near "'diz_tavole'"
LINE 1: COPY 'diz_tavole' ()  FROM STDOUT WITH DELIMITER ','
             ^


COPY error on lines 100
COPY error: syntax error at or near "'diz_tavole'"
LINE 1: COPY 'diz_tavole' ()  FROM STDOUT WITH DELIMITER ','
             ^


COPY error on lines 101
COPY error: syntax error at or near "'diz_tavole'"
LINE 1: COPY 'diz_tavole' ()  FROM STDOUT WITH DELIMITER ','
             ^


COPY error on lines 102
COPY error: syntax error at or near "'diz_tavole'"
LINE 1: COPY 'diz_tavole' ()  FROM STDOUT WITH DELIMITER ','
             ^


COPY error on lines 103
COPY error: syntax error at or near "'diz_tavole'"
LINE 1: COPY 'diz_tavole' ()  FROM STDOUT WITH DELIMITER ','
             ^


COPY error on lines 104
COPY error: syntax error at or near "'diz_tavole'"
LINE 1: COPY 'diz_tavole' ()  FROM STDOUT WITH DELIMITER ','
             ^


COPY error on lines 105
COPY error: syntax error at or near "'diz_tavole'"
LINE 1: COPY 'diz_tavole' ()  FROM STDOUT WITH DELIMITER ','
             ^


COPY error on lines 106
COPY error: syntax error at or near "'diz_tavole'"
LINE 1: COPY 'diz_tavole' ()  FROM STDOUT WITH DELIMITER ','
             ^


COPY error on lines 107
COPY error: syntax error at or near "'diz_tavole'"
LINE 1: COPY 'diz_tavole' ()  FROM STDOUT WITH DELIMITER ','
             ^


COPY error on lines 108
COPY error: syntax error at or near "'diz_tavole'"
LINE 1: COPY 'diz_tavole' ()  FROM STDOUT WITH DELIMITER ','
             ^


COPY error on lines 109
COPY error: syntax error at or near "'diz_tavole'"
LINE 1: COPY 'diz_tavole' ()  FROM STDOUT WITH DELIMITER ','
             ^


COPY error on lines 110
COPY error: syntax error at or near "'diz_tavole'"
LINE 1: COPY 'diz_tavole' ()  FROM STDOUT WITH DELIMITER ','
             ^


COPY error on lines 111
COPY error: syntax error at or near "'diz_tavole'"
LINE 1: COPY 'diz_tavole' ()  FROM STDOUT WITH DELIMITER ','
             ^


COPY error on lines 112
COPY error: syntax error at or near "'diz_tavole'"
LINE 1: COPY 'diz_tavole' ()  FROM STDOUT WITH DELIMITER ','
             ^


COPY error on lines 113
COPY error: syntax error at or near "'diz_tavole'"
LINE 1: COPY 'diz_tavole' ()  FROM STDOUT WITH DELIMITER ','
             ^


COPY error on lines 114
COPY error: syntax error at or near "'diz_tavole'"
LINE 1: COPY 'diz_tavole' ()  FROM STDOUT WITH DELIMITER ','
             ^


COPY error on lines 115
COPY error: syntax error at or near "'diz_tavole'"
LINE 1: COPY 'diz_tavole' ()  FROM STDOUT WITH DELIMITER ','
             ^


COPY error on lines 116
COPY error: syntax error at or near "'diz_tavole'"
LINE 1: COPY 'diz_tavole' ()  FROM STDOUT WITH DELIMITER ','
             ^


COPY error on lines 117
COPY error: syntax error at or near "'diz_tavole'"
LINE 1: COPY 'diz_tavole' ()  FROM STDOUT WITH DELIMITER ','
             ^


COPY error on lines 118
COPY error: syntax error at or near "'diz_tavole'"
LINE 1: COPY 'diz_tavole' ()  FROM STDOUT WITH DELIMITER ','
             ^


COPY error on lines 119
COPY error: syntax error at or near "'diz_tavole'"
LINE 1: COPY 'diz_tavole' ()  FROM STDOUT WITH DELIMITER ','
             ^


COPY error on lines 120
COPY error: syntax error at or near "'diz_tavole'"
LINE 1: COPY 'diz_tavole' ()  FROM STDOUT WITH DELIMITER ','
             ^


COPY error on lines 121
COPY error: syntax error at or near "'diz_tavole'"
LINE 1: COPY 'diz_tavole' ()  FROM STDOUT WITH DELIMITER ','
             ^


COPY error on lines 122
COPY error: syntax error at or near "'diz_tavole'"
LINE 1: COPY 'diz_tavole' ()  FROM STDOUT WITH DELIMITER ','
             ^


COPY error on lines 123
COPY error: syntax error at or near "'diz_tavole'"
LINE 1: COPY 'diz_tavole' ()  FROM STDOUT WITH DELIMITER ','
             ^


COPY error on lines 124
COPY error: syntax error at or near "'diz_tavole'"
LINE 1: COPY 'diz_tavole' ()  FROM STDOUT WITH DELIMITER ','
             ^


COPY error on lines 125
COPY error: syntax error at or near "'diz_tavole'"
LINE 1: COPY 'diz_tavole' ()  FROM STDOUT WITH DELIMITER ','
             ^


COPY error on lines 126
COPY error: syntax error at or near "'diz_tavole'"
LINE 1: COPY 'diz_tavole' ()  FROM STDOUT WITH DELIMITER ','
             ^


COPY error on lines 127
COPY error: syntax error at or near "'diz_tavole'"
LINE 1: COPY 'diz_tavole' ()  FROM STDOUT WITH DELIMITER ','
             ^


COPY error on lines 128
COPY error: syntax error at or near "'diz_tavole'"
LINE 1: COPY 'diz_tavole' ()  FROM STDOUT WITH DELIMITER ','
             ^


COPY error on lines 129
COPY error: syntax error at or near "'diz_tavole'"
LINE 1: COPY 'diz_tavole' ()  FROM STDOUT WITH DELIMITER ','
             ^


COPY error on lines 130
COPY error: syntax error at or near "'diz_tavole'"
LINE 1: COPY 'diz_tavole' ()  FROM STDOUT WITH DELIMITER ','
             ^


COPY error on lines 131
COPY error: syntax error at or near "'diz_tavole'"
LINE 1: COPY 'diz_tavole' ()  FROM STDOUT WITH DELIMITER ','
             ^


COPY error on lines 132
COPY error: syntax error at or near "'diz_tavole'"
LINE 1: COPY 'diz_tavole' ()  FROM STDOUT WITH DELIMITER ','
             ^


COPY error on lines 133
COPY error: syntax error at or near "'diz_tavole'"
LINE 1: COPY 'diz_tavole' ()  FROM STDOUT WITH DELIMITER ','
             ^


COPY error on lines 134
COPY error: syntax error at or near "'diz_tavole'"
LINE 1: COPY 'diz_tavole' ()  FROM STDOUT WITH DELIMITER ','
             ^


COPY error on lines 135
COPY error: syntax error at or near "'diz_tavole'"
LINE 1: COPY 'diz_tavole' ()  FROM STDOUT WITH DELIMITER ','
             ^


COPY error on lines 136
COPY error: syntax error at or near "'diz_tavole'"
LINE 1: COPY 'diz_tavole' ()  FROM STDOUT WITH DELIMITER ','
             ^


COPY error on lines 137
COPY error: syntax error at or near "'diz_tavole'"
LINE 1: COPY 'diz_tavole' ()  FROM STDOUT WITH DELIMITER ','
             ^


COPY error on lines 138
COPY error: syntax error at or near "'diz_tavole'"
LINE 1: COPY 'diz_tavole' ()  FROM STDOUT WITH DELIMITER ','
             ^


COPY error on lines 139
COPY error: syntax error at or near "'diz_tavole'"
LINE 1: COPY 'diz_tavole' ()  FROM STDOUT WITH DELIMITER ','
             ^


COPY error on lines 140
COPY error: syntax error at or near "'diz_tavole'"
LINE 1: COPY 'diz_tavole' ()  FROM STDOUT WITH DELIMITER ','
             ^


COPY error on lines 141
COPY error: syntax error at or near "'diz_tavole'"
LINE 1: COPY 'diz_tavole' ()  FROM STDOUT WITH DELIMITER ','
             ^


COPY error on lines 142
COPY error: syntax error at or near "'diz_tavole'"
LINE 1: COPY 'diz_tavole' ()  FROM STDOUT WITH DELIMITER ','
             ^


COPY error on lines 143
COPY error: syntax error at or near "'diz_tavole'"
LINE 1: COPY 'diz_tavole' ()  FROM STDOUT WITH DELIMITER ','
             ^


COPY error on lines 144
COPY error: syntax error at or near "'diz_tavole'"
LINE 1: COPY 'diz_tavole' ()  FROM STDOUT WITH DELIMITER ','
             ^


COPY error on lines 145
COPY error: syntax error at or near "'diz_tavole'"
LINE 1: COPY 'diz_tavole' ()  FROM STDOUT WITH DELIMITER ','
             ^


COPY error on lines 146
COPY error: syntax error at or near "'diz_tavole'"
LINE 1: COPY 'diz_tavole' ()  FROM STDOUT WITH DELIMITER ','
             ^


COPY error on lines 147
COPY error: syntax error at or near "'diz_tavole'"
LINE 1: COPY 'diz_tavole' ()  FROM STDOUT WITH DELIMITER ','
             ^


COPY error on lines 148
COPY error: syntax error at or near "'diz_tavole'"
LINE 1: COPY 'diz_tavole' ()  FROM STDOUT WITH DELIMITER ','
             ^


COPY error on lines 149
COPY error: syntax error at or near "'diz_tavole'"
LINE 1: COPY 'diz_tavole' ()  FROM STDOUT WITH DELIMITER ','
             ^


COPY error on lines 150
COPY error: syntax error at or near "'diz_tavole'"
LINE 1: COPY 'diz_tavole' ()  FROM STDOUT WITH DELIMITER ','
             ^


COPY error on lines 151
COPY error: syntax error at or near "'diz_tavole'"
LINE 1: COPY 'diz_tavole' ()  FROM STDOUT WITH DELIMITER ','
             ^


COPY error on lines 152
COPY error: syntax error at or near "'diz_tavole'"
LINE 1: COPY 'diz_tavole' ()  FROM STDOUT WITH DELIMITER ','
             ^


COPY error on lines 153
COPY error: syntax error at or near "'diz_tavole'"
LINE 1: COPY 'diz_tavole' ()  FROM STDOUT WITH DELIMITER ','
             ^


COPY error on lines 154
COPY error: syntax error at or near "'diz_tavole'"
LINE 1: COPY 'diz_tavole' ()  FROM STDOUT WITH DELIMITER ','
             ^


COPY error on lines 155
COPY error: syntax error at or near "'diz_tavole'"
LINE 1: COPY 'diz_tavole' ()  FROM STDOUT WITH DELIMITER ','
             ^


COPY error on lines 156
COPY error: syntax error at or near "'diz_tavole'"
LINE 1: COPY 'diz_tavole' ()  FROM STDOUT WITH DELIMITER ','
             ^


COPY error on lines 157
COPY error: syntax error at or near "'diz_tavole'"
LINE 1: COPY 'diz_tavole' ()  FROM STDOUT WITH DELIMITER ','
             ^


COPY error on lines 158
COPY error: syntax error at or near "'diz_tavole'"
LINE 1: COPY 'diz_tavole' ()  FROM STDOUT WITH DELIMITER ','
             ^


COPY error on lines 159
COPY error: syntax error at or near "'diz_tavole'"
LINE 1: COPY 'diz_tavole' ()  FROM STDOUT WITH DELIMITER ','
             ^


COPY error on lines 160
COPY error: syntax error at or near "'diz_tavole'"
LINE 1: COPY 'diz_tavole' ()  FROM STDOUT WITH DELIMITER ','
             ^


COPY error on lines 161
COPY error: syntax error at or near "'diz_tavole'"
LINE 1: COPY 'diz_tavole' ()  FROM STDOUT WITH DELIMITER ','
             ^


COPY error on lines 162
COPY error: syntax error at or near "'diz_tavole'"
LINE 1: COPY 'diz_tavole' ()  FROM STDOUT WITH DELIMITER ','
             ^


COPY error on lines 163
COPY error: syntax error at or near "'diz_tavole'"
LINE 1: COPY 'diz_tavole' ()  FROM STDOUT WITH DELIMITER ','
             ^


COPY error on lines 164
COPY error: syntax error at or near "'diz_tavole'"
LINE 1: COPY 'diz_tavole' ()  FROM STDOUT WITH DELIMITER ','
             ^


COPY error on lines 165
COPY error: syntax error at or near "'diz_tavole'"
LINE 1: COPY 'diz_tavole' ()  FROM STDOUT WITH DELIMITER ','
             ^


COPY error on lines 166
COPY error: syntax error at or near "'diz_tavole'"
LINE 1: COPY 'diz_tavole' ()  FROM STDOUT WITH DELIMITER ','
             ^


COPY error on lines 167
COPY error: syntax error at or near "'diz_tavole'"
LINE 1: COPY 'diz_tavole' ()  FROM STDOUT WITH DELIMITER ','
             ^


COPY error on lines 168
COPY error: syntax error at or near "'diz_tavole'"
LINE 1: COPY 'diz_tavole' ()  FROM STDOUT WITH DELIMITER ','
             ^


COPY error on lines 169
COPY error: syntax error at or near "'diz_tavole'"
LINE 1: COPY 'diz_tavole' ()  FROM STDOUT WITH DELIMITER ','
             ^


COPY error on lines 170
COPY error: syntax error at or near "'diz_tavole'"
LINE 1: COPY 'diz_tavole' ()  FROM STDOUT WITH DELIMITER ','
             ^


COPY error on lines 171
COPY error: syntax error at or near "'diz_tavole'"
LINE 1: COPY 'diz_tavole' ()  FROM STDOUT WITH DELIMITER ','
             ^


COPY error on lines 172
COPY error: syntax error at or near "'diz_tavole'"
LINE 1: COPY 'diz_tavole' ()  FROM STDOUT WITH DELIMITER ','
             ^


COPY error on lines 173
COPY error: syntax error at or near "'diz_tavole'"
LINE 1: COPY 'diz_tavole' ()  FROM STDOUT WITH DELIMITER ','
             ^


COPY error on lines 174
COPY error: syntax error at or near "'diz_tavole'"
LINE 1: COPY 'diz_tavole' ()  FROM STDOUT WITH DELIMITER ','
             ^


COPY error on lines 175
COPY error: syntax error at or near "'diz_tavole'"
LINE 1: COPY 'diz_tavole' ()  FROM STDOUT WITH DELIMITER ','
             ^


COPY error on lines 176
COPY error: syntax error at or near "'diz_tavole'"
LINE 1: COPY 'diz_tavole' ()  FROM STDOUT WITH DELIMITER ','
             ^


COPY error on lines 177
COPY error: syntax error at or near "'diz_tavole'"
LINE 1: COPY 'diz_tavole' ()  FROM STDOUT WITH DELIMITER ','
             ^


COPY error on lines 178
COPY error: syntax error at or near "'diz_tavole'"
LINE 1: COPY 'diz_tavole' ()  FROM STDOUT WITH DELIMITER ','
             ^


COPY error on lines 179
COPY error: syntax error at or near "'diz_tavole'"
LINE 1: COPY 'diz_tavole' ()  FROM STDOUT WITH DELIMITER ','
             ^


COPY error on lines 180
COPY error: syntax error at or near "'diz_tavole'"
LINE 1: COPY 'diz_tavole' ()  FROM STDOUT WITH DELIMITER ','
             ^


COPY error on lines 181
COPY error: syntax error at or near "'diz_tavole'"
LINE 1: COPY 'diz_tavole' ()  FROM STDOUT WITH DELIMITER ','
             ^


COPY error on lines 182
COPY error: syntax error at or near "'diz_tavole'"
LINE 1: COPY 'diz_tavole' ()  FROM STDOUT WITH DELIMITER ','
             ^


COPY error on lines 183
COPY error: syntax error at or near "'diz_tavole'"
LINE 1: COPY 'diz_tavole' ()  FROM STDOUT WITH DELIMITER ','
             ^


COPY error on lines 184
COPY error: syntax error at or near "'diz_tavole'"
LINE 1: COPY 'diz_tavole' ()  FROM STDOUT WITH DELIMITER ','
             ^


COPY error on lines 185
COPY error: syntax error at or near "'diz_tavole'"
LINE 1: COPY 'diz_tavole' ()  FROM STDOUT WITH DELIMITER ','
             ^


COPY error on lines 186
COPY error: syntax error at or near "'diz_tavole'"
LINE 1: COPY 'diz_tavole' ()  FROM STDOUT WITH DELIMITER ','
             ^


COPY error on lines 187
COPY error: syntax error at or near "'diz_tavole'"
LINE 1: COPY 'diz_tavole' ()  FROM STDOUT WITH DELIMITER ','
             ^


COPY error on lines 188
COPY error: syntax error at or near "'diz_tavole'"
LINE 1: COPY 'diz_tavole' ()  FROM STDOUT WITH DELIMITER ','
             ^


COPY error on lines 189
COPY error: syntax error at or near "'diz_tavole'"
LINE 1: COPY 'diz_tavole' ()  FROM STDOUT WITH DELIMITER ','
             ^


COPY error on lines 190
COPY error: syntax error at or near "'diz_tavole'"
LINE 1: COPY 'diz_tavole' ()  FROM STDOUT WITH DELIMITER ','
             ^


COPY error on lines 191
COPY error: syntax error at or near "'diz_tavole'"
LINE 1: COPY 'diz_tavole' ()  FROM STDOUT WITH DELIMITER ','
             ^


COPY error on lines 192
COPY error: syntax error at or near "'diz_tavole'"
LINE 1: COPY 'diz_tavole' ()  FROM STDOUT WITH DELIMITER ','
             ^


COPY error on lines 193
COPY error: syntax error at or near "'diz_tavole'"
LINE 1: COPY 'diz_tavole' ()  FROM STDOUT WITH DELIMITER ','
             ^


COPY error on lines 194
COPY error: syntax error at or near "'diz_tavole'"
LINE 1: COPY 'diz_tavole' ()  FROM STDOUT WITH DELIMITER ','
             ^


COPY error on lines 195
COPY error: syntax error at or near "'diz_tavole'"
LINE 1: COPY 'diz_tavole' ()  FROM STDOUT WITH DELIMITER ','
             ^


COPY error on lines 196
COPY error: syntax error at or near "'diz_tavole'"
LINE 1: COPY 'diz_tavole' ()  FROM STDOUT WITH DELIMITER ','
             ^


COPY error on lines 197
COPY error: syntax error at or near "'diz_tavole'"
LINE 1: COPY 'diz_tavole' ()  FROM STDOUT WITH DELIMITER ','
             ^


COPY error on lines 198
COPY error: syntax error at or near "'diz_tavole'"
LINE 1: COPY 'diz_tavole' ()  FROM STDOUT WITH DELIMITER ','
             ^


COPY error on lines 199
COPY error: syntax error at or near "'diz_tavole'"
LINE 1: COPY 'diz_tavole' ()  FROM STDOUT WITH DELIMITER ','
             ^


COPY error on lines 200
COPY error: syntax error at or near "'diz_tavole'"
LINE 1: COPY 'diz_tavole' ()  FROM STDOUT WITH DELIMITER ','
             ^


COPY error on lines 201
COPY error: syntax error at or near "'diz_tavole'"
LINE 1: COPY 'diz_tavole' ()  FROM STDOUT WITH DELIMITER ','
             ^


COPY error on lines 202
COPY error: syntax error at or near "'diz_tavole'"
LINE 1: COPY 'diz_tavole' ()  FROM STDOUT WITH DELIMITER ','
             ^


COPY error on lines 203
COPY error: syntax error at or near "'diz_tavole'"
LINE 1: COPY 'diz_tavole' ()  FROM STDOUT WITH DELIMITER ','
             ^


COPY error on lines 204
COPY error: syntax error at or near "'diz_tavole'"
LINE 1: COPY 'diz_tavole' ()  FROM STDOUT WITH DELIMITER ','
             ^


COPY error on lines 205
COPY error: syntax error at or near "'diz_tavole'"
LINE 1: COPY 'diz_tavole' ()  FROM STDOUT WITH DELIMITER ','
             ^


COPY error on lines 206
COPY error: syntax error at or near "'diz_tavole'"
LINE 1: COPY 'diz_tavole' ()  FROM STDOUT WITH DELIMITER ','
             ^


COPY error on lines 207
COPY error: syntax error at or near "'diz_tavole'"
LINE 1: COPY 'diz_tavole' ()  FROM STDOUT WITH DELIMITER ','
             ^


COPY error on lines 208
COPY error: syntax error at or near "'diz_tavole'"
LINE 1: COPY 'diz_tavole' ()  FROM STDOUT WITH DELIMITER ','
             ^


COPY error on lines 209
COPY error: syntax error at or near "'diz_tavole'"
LINE 1: COPY 'diz_tavole' ()  FROM STDOUT WITH DELIMITER ','
             ^


COPY error on lines 210
COPY error: syntax error at or near "'diz_tavole'"
LINE 1: COPY 'diz_tavole' ()  FROM STDOUT WITH DELIMITER ','
             ^


COPY error on lines 211
COPY error: syntax error at or near "'diz_tavole'"
LINE 1: COPY 'diz_tavole' ()  FROM STDOUT WITH DELIMITER ','
             ^


COPY error on lines 212
COPY error: syntax error at or near "'diz_tavole'"
LINE 1: COPY 'diz_tavole' ()  FROM STDOUT WITH DELIMITER ','
             ^


COPY error on lines 213
COPY error: syntax error at or near "'diz_tavole'"
LINE 1: COPY 'diz_tavole' ()  FROM STDOUT WITH DELIMITER ','
             ^


COPY error on lines 214
COPY error: syntax error at or near "'diz_tavole'"
LINE 1: COPY 'diz_tavole' ()  FROM STDOUT WITH DELIMITER ','
             ^


COPY error on lines 215
COPY error: syntax error at or near "'diz_tavole'"
LINE 1: COPY 'diz_tavole' ()  FROM STDOUT WITH DELIMITER ','
             ^


COPY error on lines 216
COPY error: syntax error at or near "'diz_tavole'"
LINE 1: COPY 'diz_tavole' ()  FROM STDOUT WITH DELIMITER ','
             ^


COPY error on lines 217
COPY error: syntax error at or near "'diz_tavole'"
LINE 1: COPY 'diz_tavole' ()  FROM STDOUT WITH DELIMITER ','
             ^


COPY error on lines 218
COPY error: syntax error at or near "'diz_tavole'"
LINE 1: COPY 'diz_tavole' ()  FROM STDOUT WITH DELIMITER ','
             ^


COPY error on lines 219
COPY error: syntax error at or near "'diz_tavole'"
LINE 1: COPY 'diz_tavole' ()  FROM STDOUT WITH DELIMITER ','
             ^


COPY error on lines 220
COPY error: syntax error at or near "'diz_tavole'"
LINE 1: COPY 'diz_tavole' ()  FROM STDOUT WITH DELIMITER ','
             ^


COPY error on lines 221
COPY error: syntax error at or near "'diz_tavole'"
LINE 1: COPY 'diz_tavole' ()  FROM STDOUT WITH DELIMITER ','
             ^


COPY error on lines 222
COPY error: syntax error at or near "'diz_tavole'"
LINE 1: COPY 'diz_tavole' ()  FROM STDOUT WITH DELIMITER ','
             ^


COPY error on lines 223
COPY error: syntax error at or near "'diz_tavole'"
LINE 1: COPY 'diz_tavole' ()  FROM STDOUT WITH DELIMITER ','
             ^


COPY error on lines 224
COPY error: syntax error at or near "'diz_tavole'"
LINE 1: COPY 'diz_tavole' ()  FROM STDOUT WITH DELIMITER ','
             ^


COPY error on lines 225
COPY error: syntax error at or near "'diz_tavole'"
LINE 1: COPY 'diz_tavole' ()  FROM STDOUT WITH DELIMITER ','
             ^


COPY error on lines 226
COPY error: syntax error at or near "'diz_tavole'"
LINE 1: COPY 'diz_tavole' ()  FROM STDOUT WITH DELIMITER ','
             ^


COPY error on lines 227
COPY error: syntax error at or near "'diz_tavole'"
LINE 1: COPY 'diz_tavole' ()  FROM STDOUT WITH DELIMITER ','
             ^


COPY error on lines 228
COPY error: syntax error at or near "'diz_tavole'"
LINE 1: COPY 'diz_tavole' ()  FROM STDOUT WITH DELIMITER ','
             ^


COPY error on lines 229
COPY error: syntax error at or near "'diz_tavole'"
LINE 1: COPY 'diz_tavole' ()  FROM STDOUT WITH DELIMITER ','
             ^


COPY error on lines 230
COPY error: syntax error at or near "'diz_tavole'"
LINE 1: COPY 'diz_tavole' ()  FROM STDOUT WITH DELIMITER ','
             ^


COPY error on lines 231
COPY error: syntax error at or near "'diz_tavole'"
LINE 1: COPY 'diz_tavole' ()  FROM STDOUT WITH DELIMITER ','
             ^


COPY error on lines 232
COPY error: syntax error at or near "'diz_tavole'"
LINE 1: COPY 'diz_tavole' ()  FROM STDOUT WITH DELIMITER ','
             ^


COPY error on lines 233
COPY error: syntax error at or near "'diz_tavole'"
LINE 1: COPY 'diz_tavole' ()  FROM STDOUT WITH DELIMITER ','
             ^


COPY error on lines 234
COPY error: syntax error at or near "'diz_tavole'"
LINE 1: COPY 'diz_tavole' ()  FROM STDOUT WITH DELIMITER ','
             ^


COPY error on lines 235
COPY error: syntax error at or near "'diz_tavole'"
LINE 1: COPY 'diz_tavole' ()  FROM STDOUT WITH DELIMITER ','
             ^


COPY error on lines 236
COPY error: syntax error at or near "'diz_tavole'"
LINE 1: COPY 'diz_tavole' ()  FROM STDOUT WITH DELIMITER ','
             ^


COPY error on lines 237
COPY error: syntax error at or near "'diz_tavole'"
LINE 1: COPY 'diz_tavole' ()  FROM STDOUT WITH DELIMITER ','
             ^


COPY error on lines 238
COPY error: syntax error at or near "'diz_tavole'"
LINE 1: COPY 'diz_tavole' ()  FROM STDOUT WITH DELIMITER ','
             ^


COPY error on lines 239
COPY error: syntax error at or near "'diz_tavole'"
LINE 1: COPY 'diz_tavole' ()  FROM STDOUT WITH DELIMITER ','
             ^


COPY error on lines 240
COPY error: syntax error at or near "'diz_tavole'"
LINE 1: COPY 'diz_tavole' ()  FROM STDOUT WITH DELIMITER ','
             ^


COPY error on lines 241
COPY error: syntax error at or near "'diz_tavole'"
LINE 1: COPY 'diz_tavole' ()  FROM STDOUT WITH DELIMITER ','
             ^


COPY error on lines 242
COPY error: syntax error at or near "'diz_tavole'"
LINE 1: COPY 'diz_tavole' ()  FROM STDOUT WITH DELIMITER ','
             ^


COPY error on lines 243
COPY error: syntax error at or near "'diz_tavole'"
LINE 1: COPY 'diz_tavole' ()  FROM STDOUT WITH DELIMITER ','
             ^


COPY error on lines 244
COPY error: syntax error at or near "'diz_tavole'"
LINE 1: COPY 'diz_tavole' ()  FROM STDOUT WITH DELIMITER ','
             ^


COPY error on lines 245
COPY error: syntax error at or near "'diz_tavole'"
LINE 1: COPY 'diz_tavole' ()  FROM STDOUT WITH DELIMITER ','
             ^


COPY error on lines 246
COPY error: syntax error at or near "'diz_tavole'"
LINE 1: COPY 'diz_tavole' ()  FROM STDOUT WITH DELIMITER ','
             ^


COPY error on lines 247
COPY error: syntax error at or near "'diz_tavole'"
LINE 1: COPY 'diz_tavole' ()  FROM STDOUT WITH DELIMITER ','
             ^


COPY error on lines 248
COPY error: syntax error at or near "'diz_tavole'"
LINE 1: COPY 'diz_tavole' ()  FROM STDOUT WITH DELIMITER ','
             ^


COPY error on lines 249
COPY error: syntax error at or near "'diz_tavole'"
LINE 1: COPY 'diz_tavole' ()  FROM STDOUT WITH DELIMITER ','
             ^


COPY error on lines 250
COPY error: syntax error at or near "'diz_tavole'"
LINE 1: COPY 'diz_tavole' ()  FROM STDOUT WITH DELIMITER ','
             ^


COPY error on lines 251
COPY error: syntax error at or near "'diz_tavole'"
LINE 1: COPY 'diz_tavole' ()  FROM STDOUT WITH DELIMITER ','
             ^


COPY error on lines 252
COPY error: syntax error at or near "'diz_tavole'"
LINE 1: COPY 'diz_tavole' ()  FROM STDOUT WITH DELIMITER ','
             ^


COPY error on lines 253
COPY error: syntax error at or near "'diz_tavole'"
LINE 1: COPY 'diz_tavole' ()  FROM STDOUT WITH DELIMITER ','
             ^


COPY error on lines 254
COPY error: syntax error at or near "'diz_tavole'"
LINE 1: COPY 'diz_tavole' ()  FROM STDOUT WITH DELIMITER ','
             ^


COPY error on lines 255
COPY error: syntax error at or near "'diz_tavole'"
LINE 1: COPY 'diz_tavole' ()  FROM STDOUT WITH DELIMITER ','
             ^


COPY error on lines 256
COPY error: syntax error at or near "'diz_tavole'"
LINE 1: COPY 'diz_tavole' ()  FROM STDOUT WITH DELIMITER ','
             ^


COPY error on lines 257
COPY error: syntax error at or near "'diz_tavole'"
LINE 1: COPY 'diz_tavole' ()  FROM STDOUT WITH DELIMITER ','
             ^


COPY error on lines 258
COPY error: syntax error at or near "'diz_tavole'"
LINE 1: COPY 'diz_tavole' ()  FROM STDOUT WITH DELIMITER ','
             ^


COPY error on lines 259
COPY error: syntax error at or near "'diz_tavole'"
LINE 1: COPY 'diz_tavole' ()  FROM STDOUT WITH DELIMITER ','
             ^


COPY error on lines 260
COPY error: syntax error at or near "'diz_tavole'"
LINE 1: COPY 'diz_tavole' ()  FROM STDOUT WITH DELIMITER ','
             ^


COPY error on lines 261
COPY error: syntax error at or near "'diz_tavole'"
LINE 1: COPY 'diz_tavole' ()  FROM STDOUT WITH DELIMITER ','
             ^


COPY error on lines 262
COPY error: syntax error at or near "'diz_tavole'"
LINE 1: COPY 'diz_tavole' ()  FROM STDOUT WITH DELIMITER ','
             ^


COPY error on lines 263
COPY error: syntax error at or near "'diz_tavole'"
LINE 1: COPY 'diz_tavole' ()  FROM STDOUT WITH DELIMITER ','
             ^


COPY error on lines 264
COPY error: syntax error at or near "'diz_tavole'"
LINE 1: COPY 'diz_tavole' ()  FROM STDOUT WITH DELIMITER ','
             ^


COPY error on lines 265
COPY error: syntax error at or near "'diz_tavole'"
LINE 1: COPY 'diz_tavole' ()  FROM STDOUT WITH DELIMITER ','
             ^


COPY error on lines 266
COPY error: syntax error at or near "'diz_tavole'"
LINE 1: COPY 'diz_tavole' ()  FROM STDOUT WITH DELIMITER ','
             ^


COPY error on lines 267
COPY error: syntax error at or near "'diz_tavole'"
LINE 1: COPY 'diz_tavole' ()  FROM STDOUT WITH DELIMITER ','
             ^


COPY error on lines 268
COPY error: syntax error at or near "'diz_tavole'"
LINE 1: COPY 'diz_tavole' ()  FROM STDOUT WITH DELIMITER ','
             ^


COPY error on lines 269
COPY error: syntax error at or near "'diz_tavole'"
LINE 1: COPY 'diz_tavole' ()  FROM STDOUT WITH DELIMITER ','
             ^


COPY error on lines 270
COPY error: syntax error at or near "'diz_tavole'"
LINE 1: COPY 'diz_tavole' ()  FROM STDOUT WITH DELIMITER ','
             ^


COPY error on lines 271
COPY error: syntax error at or near "'diz_tavole'"
LINE 1: COPY 'diz_tavole' ()  FROM STDOUT WITH DELIMITER ','
             ^


COPY error on lines 272
COPY error: syntax error at or near "'diz_tavole'"
LINE 1: COPY 'diz_tavole' ()  FROM STDOUT WITH DELIMITER ','
             ^


COPY error on lines 273
COPY error: syntax error at or near "'diz_tavole'"
LINE 1: COPY 'diz_tavole' ()  FROM STDOUT WITH DELIMITER ','
             ^


COPY error on lines 274
COPY error: syntax error at or near "'diz_tavole'"
LINE 1: COPY 'diz_tavole' ()  FROM STDOUT WITH DELIMITER ','
             ^


COPY error on lines 275
COPY error: syntax error at or near "'diz_tavole'"
LINE 1: COPY 'diz_tavole' ()  FROM STDOUT WITH DELIMITER ','
             ^


COPY error on lines 276
COPY error: syntax error at or near "'diz_tavole'"
LINE 1: COPY 'diz_tavole' ()  FROM STDOUT WITH DELIMITER ','
             ^


COPY error on lines 277
COPY error: syntax error at or near "'diz_tavole'"
LINE 1: COPY 'diz_tavole' ()  FROM STDOUT WITH DELIMITER ','
             ^


COPY error on lines 278
COPY error: syntax error at or near "'diz_tavole'"
LINE 1: COPY 'diz_tavole' ()  FROM STDOUT WITH DELIMITER ','
             ^


COPY error on lines 279
COPY error: syntax error at or near "'diz_tavole'"
LINE 1: COPY 'diz_tavole' ()  FROM STDOUT WITH DELIMITER ','
             ^


COPY error on lines 280
COPY error: syntax error at or near "'diz_tavole'"
LINE 1: COPY 'diz_tavole' ()  FROM STDOUT WITH DELIMITER ','
             ^


COPY error on lines 281
COPY error: syntax error at or near "'diz_tavole'"
LINE 1: COPY 'diz_tavole' ()  FROM STDOUT WITH DELIMITER ','
             ^


COPY error on lines 282
COPY error: syntax error at or near "'diz_tavole'"
LINE 1: COPY 'diz_tavole' ()  FROM STDOUT WITH DELIMITER ','
             ^


COPY error on lines 283
COPY error: syntax error at or near "'diz_tavole'"
LINE 1: COPY 'diz_tavole' ()  FROM STDOUT WITH DELIMITER ','
             ^


COPY error on lines 284
COPY error: syntax error at or near "'diz_tavole'"
LINE 1: COPY 'diz_tavole' ()  FROM STDOUT WITH DELIMITER ','
             ^


COPY error on lines 285
COPY error: syntax error at or near "'diz_tavole'"
LINE 1: COPY 'diz_tavole' ()  FROM STDOUT WITH DELIMITER ','
             ^


COPY error on lines 286
COPY error: syntax error at or near "'diz_tavole'"
LINE 1: COPY 'diz_tavole' ()  FROM STDOUT WITH DELIMITER ','
             ^


COPY error on lines 287
COPY error: syntax error at or near "'diz_tavole'"
LINE 1: COPY 'diz_tavole' ()  FROM STDOUT WITH DELIMITER ','
             ^


COPY error on lines 288
COPY error: syntax error at or near "'diz_tavole'"
LINE 1: COPY 'diz_tavole' ()  FROM STDOUT WITH DELIMITER ','
             ^


COPY error on lines 289
COPY error: syntax error at or near "'diz_tavole'"
LINE 1: COPY 'diz_tavole' ()  FROM STDOUT WITH DELIMITER ','
             ^


COPY error on lines 290
COPY error: syntax error at or near "'diz_tavole'"
LINE 1: COPY 'diz_tavole' ()  FROM STDOUT WITH DELIMITER ','
             ^


COPY error on lines 291
COPY error: syntax error at or near "'diz_tavole'"
LINE 1: COPY 'diz_tavole' ()  FROM STDOUT WITH DELIMITER ','
             ^


COPY error on lines 292
COPY error: syntax error at or near "'diz_tavole'"
LINE 1: COPY 'diz_tavole' ()  FROM STDOUT WITH DELIMITER ','
             ^


COPY error on lines 293
COPY error: syntax error at or near "'diz_tavole'"
LINE 1: COPY 'diz_tavole' ()  FROM STDOUT WITH DELIMITER ','
             ^


COPY error on lines 294
COPY error: syntax error at or near "'diz_tavole'"
LINE 1: COPY 'diz_tavole' ()  FROM STDOUT WITH DELIMITER ','
             ^


COPY error on lines 295
COPY error: syntax error at or near "'diz_tavole'"
LINE 1: COPY 'diz_tavole' ()  FROM STDOUT WITH DELIMITER ','
             ^


COPY error on lines 296
COPY error: syntax error at or near "'diz_tavole'"
LINE 1: COPY 'diz_tavole' ()  FROM STDOUT WITH DELIMITER ','
             ^


COPY error on lines 297
COPY error: syntax error at or near "'diz_tavole'"
LINE 1: COPY 'diz_tavole' ()  FROM STDOUT WITH DELIMITER ','
             ^


COPY error on lines 298
COPY error: syntax error at or near "'diz_tavole'"
LINE 1: COPY 'diz_tavole' ()  FROM STDOUT WITH DELIMITER ','
             ^


COPY error on lines 299
COPY error: syntax error at or near "'diz_tavole'"
LINE 1: COPY 'diz_tavole' ()  FROM STDOUT WITH DELIMITER ','
             ^


COPY error on lines 300
COPY error: syntax error at or near "'diz_tavole'"
LINE 1: COPY 'diz_tavole' ()  FROM STDOUT WITH DELIMITER ','
             ^


COPY error on lines 301
COPY error: syntax error at or near "'diz_tavole'"
LINE 1: COPY 'diz_tavole' ()  FROM STDOUT WITH DELIMITER ','
             ^


COPY error on lines 302
COPY error: syntax error at or near "'diz_tavole'"
LINE 1: COPY 'diz_tavole' ()  FROM STDOUT WITH DELIMITER ','
             ^


COPY error on lines 303
COPY error: syntax error at or near "'diz_tavole'"
LINE 1: COPY 'diz_tavole' ()  FROM STDOUT WITH DELIMITER ','
             ^


COPY error on lines 304
COPY error: syntax error at or near "'diz_tavole'"
LINE 1: COPY 'diz_tavole' ()  FROM STDOUT WITH DELIMITER ','
             ^


COPY error on lines 305
COPY error: syntax error at or near "'diz_tavole'"
LINE 1: COPY 'diz_tavole' ()  FROM STDOUT WITH DELIMITER ','
             ^


COPY error on lines 306
COPY error: syntax error at or near "'diz_tavole'"
LINE 1: COPY 'diz_tavole' ()  FROM STDOUT WITH DELIMITER ','
             ^


COPY error on lines 307
COPY error: syntax error at or near "'diz_tavole'"
LINE 1: COPY 'diz_tavole' ()  FROM STDOUT WITH DELIMITER ','
             ^


COPY error on lines 308
COPY error: syntax error at or near "'diz_tavole'"
LINE 1: COPY 'diz_tavole' ()  FROM STDOUT WITH DELIMITER ','
             ^


COPY error on lines 309
COPY error: syntax error at or near "'diz_tavole'"
LINE 1: COPY 'diz_tavole' ()  FROM STDOUT WITH DELIMITER ','
             ^


COPY error on lines 310
COPY error: syntax error at or near "'diz_tavole'"
LINE 1: COPY 'diz_tavole' ()  FROM STDOUT WITH DELIMITER ','
             ^


COPY error on lines 311
COPY error: syntax error at or near "'diz_tavole'"
LINE 1: COPY 'diz_tavole' ()  FROM STDOUT WITH DELIMITER ','
             ^


COPY error on lines 312
COPY error: syntax error at or near "'diz_tavole'"
LINE 1: COPY 'diz_tavole' ()  FROM STDOUT WITH DELIMITER ','
             ^


COPY error on lines 313
COPY error: syntax error at or near "'diz_tavole'"
LINE 1: COPY 'diz_tavole' ()  FROM STDOUT WITH DELIMITER ','
             ^


COPY error on lines 314
COPY error: syntax error at or near "'diz_tavole'"
LINE 1: COPY 'diz_tavole' ()  FROM STDOUT WITH DELIMITER ','
             ^


COPY error on lines 315
COPY error: syntax error at or near "'diz_tavole'"
LINE 1: COPY 'diz_tavole' ()  FROM STDOUT WITH DELIMITER ','
             ^


COPY error on lines 316
COPY error: syntax error at or near "'diz_tavole'"
LINE 1: COPY 'diz_tavole' ()  FROM STDOUT WITH DELIMITER ','
             ^


COPY error on lines 317
COPY error: syntax error at or near "'diz_tavole'"
LINE 1: COPY 'diz_tavole' ()  FROM STDOUT WITH DELIMITER ','
             ^


COPY error on lines 318
COPY error: syntax error at or near "'diz_tavole'"
LINE 1: COPY 'diz_tavole' ()  FROM STDOUT WITH DELIMITER ','
             ^


COPY error on lines 319
COPY error: syntax error at or near "'diz_tavole'"
LINE 1: COPY 'diz_tavole' ()  FROM STDOUT WITH DELIMITER ','
             ^


COPY error on lines 320
COPY error: syntax error at or near "'diz_tavole'"
LINE 1: COPY 'diz_tavole' ()  FROM STDOUT WITH DELIMITER ','
             ^


COPY error on lines 321
COPY error: syntax error at or near "'diz_tavole'"
LINE 1: COPY 'diz_tavole' ()  FROM STDOUT WITH DELIMITER ','
             ^


COPY error on lines 322
COPY error: syntax error at or near "'diz_tavole'"
LINE 1: COPY 'diz_tavole' ()  FROM STDOUT WITH DELIMITER ','
             ^


COPY error on lines 323
COPY error: syntax error at or near "'diz_tavole'"
LINE 1: COPY 'diz_tavole' ()  FROM STDOUT WITH DELIMITER ','
             ^


COPY error on lines 324
COPY error: syntax error at or near "'diz_tavole'"
LINE 1: COPY 'diz_tavole' ()  FROM STDOUT WITH DELIMITER ','
             ^


COPY error on lines 325
COPY error: syntax error at or near "'diz_tavole'"
LINE 1: COPY 'diz_tavole' ()  FROM STDOUT WITH DELIMITER ','
             ^


COPY error on lines 326
COPY error: syntax error at or near "'diz_tavole'"
LINE 1: COPY 'diz_tavole' ()  FROM STDOUT WITH DELIMITER ','
             ^


COPY error on lines 327
COPY error: syntax error at or near "'diz_tavole'"
LINE 1: COPY 'diz_tavole' ()  FROM STDOUT WITH DELIMITER ','
             ^


COPY error on lines 328
COPY error: syntax error at or near "'diz_tavole'"
LINE 1: COPY 'diz_tavole' ()  FROM STDOUT WITH DELIMITER ','
             ^


COPY error on lines 329
COPY error: syntax error at or near "'diz_tavole'"
LINE 1: COPY 'diz_tavole' ()  FROM STDOUT WITH DELIMITER ','
             ^


COPY error on lines 330
COPY error: syntax error at or near "'diz_tavole'"
LINE 1: COPY 'diz_tavole' ()  FROM STDOUT WITH DELIMITER ','
             ^


COPY error on lines 331
COPY error: syntax error at or near "'diz_tavole'"
LINE 1: COPY 'diz_tavole' ()  FROM STDOUT WITH DELIMITER ','
             ^


COPY error on lines 332
COPY error: syntax error at or near "'diz_tavole'"
LINE 1: COPY 'diz_tavole' ()  FROM STDOUT WITH DELIMITER ','
             ^


COPY error on lines 333
COPY error: syntax error at or near "'diz_tavole'"
LINE 1: COPY 'diz_tavole' ()  FROM STDOUT WITH DELIMITER ','
             ^


COPY error on lines 334
COPY error: syntax error at or near "'diz_tavole'"
LINE 1: COPY 'diz_tavole' ()  FROM STDOUT WITH DELIMITER ','
             ^


COPY error on lines 335
COPY error: syntax error at or near "'diz_tavole'"
LINE 1: COPY 'diz_tavole' ()  FROM STDOUT WITH DELIMITER ','
             ^


COPY error on lines 336
COPY error: syntax error at or near "'diz_tavole'"
LINE 1: COPY 'diz_tavole' ()  FROM STDOUT WITH DELIMITER ','
             ^


COPY error on lines 337
COPY error: syntax error at or near "'diz_tavole'"
LINE 1: COPY 'diz_tavole' ()  FROM STDOUT WITH DELIMITER ','
             ^


COPY error on lines 338
COPY error: syntax error at or near "'diz_tavole'"
LINE 1: COPY 'diz_tavole' ()  FROM STDOUT WITH DELIMITER ','
             ^


COPY error on lines 339
COPY error: syntax error at or near "'diz_tavole'"
LINE 1: COPY 'diz_tavole' ()  FROM STDOUT WITH DELIMITER ','
             ^


COPY error on lines 340
COPY error: syntax error at or near "'diz_tavole'"
LINE 1: COPY 'diz_tavole' ()  FROM STDOUT WITH DELIMITER ','
             ^


COPY error on lines 341
COPY error: syntax error at or near "'diz_tavole'"
LINE 1: COPY 'diz_tavole' ()  FROM STDOUT WITH DELIMITER ','
             ^


COPY error on lines 342
COPY error: syntax error at or near "'diz_tavole'"
LINE 1: COPY 'diz_tavole' ()  FROM STDOUT WITH DELIMITER ','
             ^


COPY error on lines 343
COPY error: syntax error at or near "'diz_tavole'"
LINE 1: COPY 'diz_tavole' ()  FROM STDOUT WITH DELIMITER ','
             ^


COPY error on lines 344
COPY error: syntax error at or near "'diz_tavole'"
LINE 1: COPY 'diz_tavole' ()  FROM STDOUT WITH DELIMITER ','
             ^


COPY error on lines 345
COPY error: syntax error at or near "'diz_tavole'"
LINE 1: COPY 'diz_tavole' ()  FROM STDOUT WITH DELIMITER ','
             ^


COPY error on lines 346
COPY error: syntax error at or near "'diz_tavole'"
LINE 1: COPY 'diz_tavole' ()  FROM STDOUT WITH DELIMITER ','
             ^


COPY error on lines 347
COPY error: syntax error at or near "'diz_tavole'"
LINE 1: COPY 'diz_tavole' ()  FROM STDOUT WITH DELIMITER ','
             ^


COPY error on lines 348
COPY error: syntax error at or near "'diz_tavole'"
LINE 1: COPY 'diz_tavole' ()  FROM STDOUT WITH DELIMITER ','
             ^


COPY error on lines 349
COPY error: syntax error at or near "'diz_tavole'"
LINE 1: COPY 'diz_tavole' ()  FROM STDOUT WITH DELIMITER ','
             ^


COPY error on lines 350
COPY error: syntax error at or near "'diz_tavole'"
LINE 1: COPY 'diz_tavole' ()  FROM STDOUT WITH DELIMITER ','
             ^


COPY error on lines 351
COPY error: syntax error at or near "'diz_tavole'"
LINE 1: COPY 'diz_tavole' ()  FROM STDOUT WITH DELIMITER ','
             ^


COPY error on lines 352
COPY error: syntax error at or near "'diz_tavole'"
LINE 1: COPY 'diz_tavole' ()  FROM STDOUT WITH DELIMITER ','
             ^


COPY error on lines 353
COPY error: syntax error at or near "'diz_tavole'"
LINE 1: COPY 'diz_tavole' ()  FROM STDOUT WITH DELIMITER ','
             ^


COPY error on lines 354
COPY error: syntax error at or near "'diz_tavole'"
LINE 1: COPY 'diz_tavole' ()  FROM STDOUT WITH DELIMITER ','
             ^


COPY error on lines 355
COPY error: syntax error at or near "'diz_tavole'"
LINE 1: COPY 'diz_tavole' ()  FROM STDOUT WITH DELIMITER ','
             ^


COPY error on lines 356
COPY error: syntax error at or near "'diz_tavole'"
LINE 1: COPY 'diz_tavole' ()  FROM STDOUT WITH DELIMITER ','
             ^


COPY error on lines 357
COPY error: syntax error at or near "'diz_tavole'"
LINE 1: COPY 'diz_tavole' ()  FROM STDOUT WITH DELIMITER ','
             ^


COPY error on lines 358
COPY error: syntax error at or near "'diz_tavole'"
LINE 1: COPY 'diz_tavole' ()  FROM STDOUT WITH DELIMITER ','
             ^


COPY error on lines 359
COPY error: syntax error at or near "'diz_tavole'"
LINE 1: COPY 'diz_tavole' ()  FROM STDOUT WITH DELIMITER ','
             ^


COPY error on lines 360
COPY error: syntax error at or near "'diz_tavole'"
LINE 1: COPY 'diz_tavole' ()  FROM STDOUT WITH DELIMITER ','
             ^


COPY error on lines 361
COPY error: syntax error at or near "'diz_tavole'"
LINE 1: COPY 'diz_tavole' ()  FROM STDOUT WITH DELIMITER ','
             ^


COPY error on lines 362
COPY error: syntax error at or near "'diz_tavole'"
LINE 1: COPY 'diz_tavole' ()  FROM STDOUT WITH DELIMITER ','
             ^


COPY error on lines 363
COPY error: syntax error at or near "'diz_tavole'"
LINE 1: COPY 'diz_tavole' ()  FROM STDOUT WITH DELIMITER ','
             ^


COPY error on lines 364
COPY error: syntax error at or near "'diz_tavole'"
LINE 1: COPY 'diz_tavole' ()  FROM STDOUT WITH DELIMITER ','
             ^


COPY error on lines 365
COPY error: syntax error at or near "'diz_tavole'"
LINE 1: COPY 'diz_tavole' ()  FROM STDOUT WITH DELIMITER ','
             ^


COPY error on lines 366
COPY error: syntax error at or near "'diz_tavole'"
LINE 1: COPY 'diz_tavole' ()  FROM STDOUT WITH DELIMITER ','
             ^


COPY error on lines 367
COPY error: syntax error at or near "'diz_tavole'"
LINE 1: COPY 'diz_tavole' ()  FROM STDOUT WITH DELIMITER ','
             ^


COPY error on lines 368
COPY error: syntax error at or near "'diz_tavole'"
LINE 1: COPY 'diz_tavole' ()  FROM STDOUT WITH DELIMITER ','
             ^


COPY error on lines 369
COPY error: syntax error at or near "'diz_tavole'"
LINE 1: COPY 'diz_tavole' ()  FROM STDOUT WITH DELIMITER ','
             ^


COPY error on lines 370
COPY error: syntax error at or near "'diz_tavole'"
LINE 1: COPY 'diz_tavole' ()  FROM STDOUT WITH DELIMITER ','
             ^


COPY error on lines 371
COPY error: syntax error at or near "'diz_tavole'"
LINE 1: COPY 'diz_tavole' ()  FROM STDOUT WITH DELIMITER ','
             ^


COPY error on lines 372
COPY error: syntax error at or near "'diz_tavole'"
LINE 1: COPY 'diz_tavole' ()  FROM STDOUT WITH DELIMITER ','
             ^


COPY error on lines 373
COPY error: syntax error at or near "'diz_tavole'"
LINE 1: COPY 'diz_tavole' ()  FROM STDOUT WITH DELIMITER ','
             ^


COPY error on lines 374
COPY error: syntax error at or near "'diz_tavole'"
LINE 1: COPY 'diz_tavole' ()  FROM STDOUT WITH DELIMITER ','
             ^


COPY error on lines 375
COPY error: syntax error at or near "'diz_tavole'"
LINE 1: COPY 'diz_tavole' ()  FROM STDOUT WITH DELIMITER ','
             ^


COPY error on lines 376
COPY error: syntax error at or near "'diz_tavole'"
LINE 1: COPY 'diz_tavole' ()  FROM STDOUT WITH DELIMITER ','
             ^


COPY error on lines 377
COPY error: syntax error at or near "'diz_tavole'"
LINE 1: COPY 'diz_tavole' ()  FROM STDOUT WITH DELIMITER ','
             ^


COPY error on lines 378
COPY error: syntax error at or near "'diz_tavole'"
LINE 1: COPY 'diz_tavole' ()  FROM STDOUT WITH DELIMITER ','
             ^


COPY error on lines 379
COPY error: syntax error at or near "'diz_tavole'"
LINE 1: COPY 'diz_tavole' ()  FROM STDOUT WITH DELIMITER ','
             ^


COPY error on lines 380
COPY error: syntax error at or near "'diz_tavole'"
LINE 1: COPY 'diz_tavole' ()  FROM STDOUT WITH DELIMITER ','
             ^


COPY error on lines 381
COPY error: syntax error at or near "'diz_tavole'"
LINE 1: COPY 'diz_tavole' ()  FROM STDOUT WITH DELIMITER ','
             ^


COPY error on lines 382
COPY error: syntax error at or near "'diz_tavole'"
LINE 1: COPY 'diz_tavole' ()  FROM STDOUT WITH DELIMITER ','
             ^


COPY error on lines 383
COPY error: syntax error at or near "'diz_tavole'"
LINE 1: COPY 'diz_tavole' ()  FROM STDOUT WITH DELIMITER ','
             ^


COPY error on lines 384
COPY error: syntax error at or near "'diz_tavole'"
LINE 1: COPY 'diz_tavole' ()  FROM STDOUT WITH DELIMITER ','
             ^


COPY error on lines 385
COPY error: syntax error at or near "'diz_tavole'"
LINE 1: COPY 'diz_tavole' ()  FROM STDOUT WITH DELIMITER ','
             ^


COPY error on lines 386
COPY error: syntax error at or near "'diz_tavole'"
LINE 1: COPY 'diz_tavole' ()  FROM STDOUT WITH DELIMITER ','
             ^


COPY error on lines 387
COPY error: syntax error at or near "'diz_tavole'"
LINE 1: COPY 'diz_tavole' ()  FROM STDOUT WITH DELIMITER ','
             ^


COPY error on lines 388
COPY error: syntax error at or near "'diz_tavole'"
LINE 1: COPY 'diz_tavole' ()  FROM STDOUT WITH DELIMITER ','
             ^


COPY error on lines 389
COPY error: syntax error at or near "'diz_tavole'"
LINE 1: COPY 'diz_tavole' ()  FROM STDOUT WITH DELIMITER ','
             ^


COPY error on lines 390
COPY error: syntax error at or near "'diz_tavole'"
LINE 1: COPY 'diz_tavole' ()  FROM STDOUT WITH DELIMITER ','
             ^


COPY error on lines 391
COPY error: syntax error at or near "'diz_tavole'"
LINE 1: COPY 'diz_tavole' ()  FROM STDOUT WITH DELIMITER ','
             ^


COPY error on lines 392
COPY error: syntax error at or near "'diz_tavole'"
LINE 1: COPY 'diz_tavole' ()  FROM STDOUT WITH DELIMITER ','
             ^


COPY error on lines 393
COPY error: syntax error at or near "'diz_tavole'"
LINE 1: COPY 'diz_tavole' ()  FROM STDOUT WITH DELIMITER ','
             ^


COPY error on lines 394
COPY error: syntax error at or near "'diz_tavole'"
LINE 1: COPY 'diz_tavole' ()  FROM STDOUT WITH DELIMITER ','
             ^


COPY error on lines 395
COPY error: syntax error at or near "'diz_tavole'"
LINE 1: COPY 'diz_tavole' ()  FROM STDOUT WITH DELIMITER ','
             ^


COPY error on lines 396
COPY error: syntax error at or near "'diz_tavole'"
LINE 1: COPY 'diz_tavole' ()  FROM STDOUT WITH DELIMITER ','
             ^


COPY error on lines 397
COPY error: syntax error at or near "'diz_tavole'"
LINE 1: COPY 'diz_tavole' ()  FROM STDOUT WITH DELIMITER ','
             ^


COPY error on lines 398
COPY error: syntax error at or near "'diz_tavole'"
LINE 1: COPY 'diz_tavole' ()  FROM STDOUT WITH DELIMITER ','
             ^


COPY error on lines 399
COPY error: syntax error at or near "'diz_tavole'"
LINE 1: COPY 'diz_tavole' ()  FROM STDOUT WITH DELIMITER ','
             ^


COPY error on lines 400
COPY error: syntax error at or near "'diz_tavole'"
LINE 1: COPY 'diz_tavole' ()  FROM STDOUT WITH DELIMITER ','
             ^


COPY error on lines 401
COPY error: syntax error at or near "'diz_tavole'"
LINE 1: COPY 'diz_tavole' ()  FROM STDOUT WITH DELIMITER ','
             ^


COPY error on lines 402
COPY error: syntax error at or near "'diz_tavole'"
LINE 1: COPY 'diz_tavole' ()  FROM STDOUT WITH DELIMITER ','
             ^


COPY error on lines 403
COPY error: syntax error at or near "'diz_tavole'"
LINE 1: COPY 'diz_tavole' ()  FROM STDOUT WITH DELIMITER ','
             ^


COPY error on lines 404
COPY error: syntax error at or near "'diz_tavole'"
LINE 1: COPY 'diz_tavole' ()  FROM STDOUT WITH DELIMITER ','
             ^


COPY error on lines 405
COPY error: syntax error at or near "'diz_tavole'"
LINE 1: COPY 'diz_tavole' ()  FROM STDOUT WITH DELIMITER ','
             ^


COPY error on lines 406
COPY error: syntax error at or near "'diz_tavole'"
LINE 1: COPY 'diz_tavole' ()  FROM STDOUT WITH DELIMITER ','
             ^


COPY error on lines 407
COPY error: syntax error at or near "'diz_tavole'"
LINE 1: COPY 'diz_tavole' ()  FROM STDOUT WITH DELIMITER ','
             ^


COPY error on lines 408
COPY error: syntax error at or near "'diz_tavole'"
LINE 1: COPY 'diz_tavole' ()  FROM STDOUT WITH DELIMITER ','
             ^


COPY error on lines 409
COPY error: syntax error at or near "'diz_tavole'"
LINE 1: COPY 'diz_tavole' ()  FROM STDOUT WITH DELIMITER ','
             ^


COPY error on lines 410
COPY error: syntax error at or near "'diz_tavole'"
LINE 1: COPY 'diz_tavole' ()  FROM STDOUT WITH DELIMITER ','
             ^


COPY error on lines 411
COPY error: syntax error at or near "'diz_tavole'"
LINE 1: COPY 'diz_tavole' ()  FROM STDOUT WITH DELIMITER ','
             ^


COPY error on lines 412
COPY error: syntax error at or near "'diz_tavole'"
LINE 1: COPY 'diz_tavole' ()  FROM STDOUT WITH DELIMITER ','
             ^


COPY error on lines 413
COPY error: syntax error at or near "'diz_tavole'"
LINE 1: COPY 'diz_tavole' ()  FROM STDOUT WITH DELIMITER ','
             ^


COPY error on lines 414
COPY error: syntax error at or near "'diz_tavole'"
LINE 1: COPY 'diz_tavole' ()  FROM STDOUT WITH DELIMITER ','
             ^


COPY error on lines 415
COPY error: syntax error at or near "'diz_tavole'"
LINE 1: COPY 'diz_tavole' ()  FROM STDOUT WITH DELIMITER ','
             ^


COPY error on lines 416
COPY error: syntax error at or near "'diz_tavole'"
LINE 1: COPY 'diz_tavole' ()  FROM STDOUT WITH DELIMITER ','
             ^


COPY error on lines 417
COPY error: syntax error at or near "'diz_tavole'"
LINE 1: COPY 'diz_tavole' ()  FROM STDOUT WITH DELIMITER ','
             ^


COPY error on lines 418
COPY error: syntax error at or near "'diz_tavole'"
LINE 1: COPY 'diz_tavole' ()  FROM STDOUT WITH DELIMITER ','
             ^


COPY error on lines 419
COPY error: syntax error at or near "'diz_tavole'"
LINE 1: COPY 'diz_tavole' ()  FROM STDOUT WITH DELIMITER ','
             ^


COPY error on lines 420
COPY error: syntax error at or near "'diz_tavole'"
LINE 1: COPY 'diz_tavole' ()  FROM STDOUT WITH DELIMITER ','
             ^


COPY error on lines 421
COPY error: syntax error at or near "'diz_tavole'"
LINE 1: COPY 'diz_tavole' ()  FROM STDOUT WITH DELIMITER ','
             ^


COPY error on lines 422
COPY error: syntax error at or near "'diz_tavole'"
LINE 1: COPY 'diz_tavole' ()  FROM STDOUT WITH DELIMITER ','
             ^


COPY error on lines 423
COPY error: syntax error at or near "'diz_tavole'"
LINE 1: COPY 'diz_tavole' ()  FROM STDOUT WITH DELIMITER ','
             ^


COPY error on lines 424
COPY error: syntax error at or near "'diz_tavole'"
LINE 1: COPY 'diz_tavole' ()  FROM STDOUT WITH DELIMITER ','
             ^


COPY error on lines 425
COPY error: syntax error at or near "'diz_tavole'"
LINE 1: COPY 'diz_tavole' ()  FROM STDOUT WITH DELIMITER ','
             ^


COPY error on lines 426
COPY error: syntax error at or near "'diz_tavole'"
LINE 1: COPY 'diz_tavole' ()  FROM STDOUT WITH DELIMITER ','
             ^


COPY error on lines 427
COPY error: syntax error at or near "'diz_tavole'"
LINE 1: COPY 'diz_tavole' ()  FROM STDOUT WITH DELIMITER ','
             ^


COPY error on lines 428
COPY error: syntax error at or near "'diz_tavole'"
LINE 1: COPY 'diz_tavole' ()  FROM STDOUT WITH DELIMITER ','
             ^


COPY error on lines 429
COPY error: syntax error at or near "'diz_tavole'"
LINE 1: COPY 'diz_tavole' ()  FROM STDOUT WITH DELIMITER ','
             ^


COPY error on lines 430
COPY error: syntax error at or near "'diz_tavole'"
LINE 1: COPY 'diz_tavole' ()  FROM STDOUT WITH DELIMITER ','
             ^


COPY error on lines 431
COPY error: syntax error at or near "'diz_tavole'"
LINE 1: COPY 'diz_tavole' ()  FROM STDOUT WITH DELIMITER ','
             ^


COPY error on lines 432
COPY error: syntax error at or near "'diz_tavole'"
LINE 1: COPY 'diz_tavole' ()  FROM STDOUT WITH DELIMITER ','
             ^


COPY error on lines 433
COPY error: syntax error at or near "'diz_tavole'"
LINE 1: COPY 'diz_tavole' ()  FROM STDOUT WITH DELIMITER ','
             ^


COPY error on lines 434
COPY error: syntax error at or near "'diz_tavole'"
LINE 1: COPY 'diz_tavole' ()  FROM STDOUT WITH DELIMITER ','
             ^


COPY error on lines 435
COPY error: syntax error at or near "'diz_tavole'"
LINE 1: COPY 'diz_tavole' ()  FROM STDOUT WITH DELIMITER ','
             ^


COPY error on lines 436
COPY error: syntax error at or near "'diz_tavole'"
LINE 1: COPY 'diz_tavole' ()  FROM STDOUT WITH DELIMITER ','
             ^


COPY error on lines 437
COPY error: syntax error at or near "'diz_tavole'"
LINE 1: COPY 'diz_tavole' ()  FROM STDOUT WITH DELIMITER ','
             ^


COPY error on lines 438
COPY error: syntax error at or near "'diz_tavole'"
LINE 1: COPY 'diz_tavole' ()  FROM STDOUT WITH DELIMITER ','
             ^


COPY error on lines 439
COPY error: syntax error at or near "'diz_tavole'"
LINE 1: COPY 'diz_tavole' ()  FROM STDOUT WITH DELIMITER ','
             ^


COPY error on lines 440
COPY error: syntax error at or near "'diz_tavole'"
LINE 1: COPY 'diz_tavole' ()  FROM STDOUT WITH DELIMITER ','
             ^


COPY error on lines 441
COPY error: syntax error at or near "'diz_tavole'"
LINE 1: COPY 'diz_tavole' ()  FROM STDOUT WITH DELIMITER ','
             ^


COPY error on lines 442
COPY error: syntax error at or near "'diz_tavole'"
LINE 1: COPY 'diz_tavole' ()  FROM STDOUT WITH DELIMITER ','
             ^


COPY error on lines 443
COPY error: syntax error at or near "'diz_tavole'"
LINE 1: COPY 'diz_tavole' ()  FROM STDOUT WITH DELIMITER ','
             ^


COPY error on lines 444
COPY error: syntax error at or near "'diz_tavole'"
LINE 1: COPY 'diz_tavole' ()  FROM STDOUT WITH DELIMITER ','
             ^


COPY error on lines 445
COPY error: syntax error at or near "'diz_tavole'"
LINE 1: COPY 'diz_tavole' ()  FROM STDOUT WITH DELIMITER ','
             ^


COPY error on lines 446
COPY error: syntax error at or near "'diz_tavole'"
LINE 1: COPY 'diz_tavole' ()  FROM STDOUT WITH DELIMITER ','
             ^


COPY error on lines 447
COPY error: syntax error at or near "'diz_tavole'"
LINE 1: COPY 'diz_tavole' ()  FROM STDOUT WITH DELIMITER ','
             ^


COPY error on lines 448
COPY error: syntax error at or near "'diz_tavole'"
LINE 1: COPY 'diz_tavole' ()  FROM STDOUT WITH DELIMITER ','
             ^


COPY error on lines 449
COPY error: syntax error at or near "'diz_tavole'"
LINE 1: COPY 'diz_tavole' ()  FROM STDOUT WITH DELIMITER ','
             ^


COPY error on lines 450
COPY error: syntax error at or near "'diz_tavole'"
LINE 1: COPY 'diz_tavole' ()  FROM STDOUT WITH DELIMITER ','
             ^


COPY error on lines 451
COPY error: syntax error at or near "'diz_tavole'"
LINE 1: COPY 'diz_tavole' ()  FROM STDOUT WITH DELIMITER ','
             ^


COPY error on lines 452
COPY error: syntax error at or near "'diz_tavole'"
LINE 1: COPY 'diz_tavole' ()  FROM STDOUT WITH DELIMITER ','
             ^


COPY error on lines 453
COPY error: syntax error at or near "'diz_tavole'"
LINE 1: COPY 'diz_tavole' ()  FROM STDOUT WITH DELIMITER ','
             ^


COPY error on lines 454
COPY error: syntax error at or near "'diz_tavole'"
LINE 1: COPY 'diz_tavole' ()  FROM STDOUT WITH DELIMITER ','
             ^


COPY error on lines 455
COPY error: syntax error at or near "'diz_tavole'"
LINE 1: COPY 'diz_tavole' ()  FROM STDOUT WITH DELIMITER ','
             ^


COPY error on lines 456
COPY error: syntax error at or near "'diz_tavole'"
LINE 1: COPY 'diz_tavole' ()  FROM STDOUT WITH DELIMITER ','
             ^


COPY error on lines 457
COPY error: syntax error at or near "'diz_tavole'"
LINE 1: COPY 'diz_tavole' ()  FROM STDOUT WITH DELIMITER ','
             ^


COPY error on lines 458
COPY error: syntax error at or near "'diz_tavole'"
LINE 1: COPY 'diz_tavole' ()  FROM STDOUT WITH DELIMITER ','
             ^


COPY error on lines 459
COPY error: syntax error at or near "'diz_tavole'"
LINE 1: COPY 'diz_tavole' ()  FROM STDOUT WITH DELIMITER ','
             ^


COPY error on lines 460
COPY error: syntax error at or near "'diz_tavole'"
LINE 1: COPY 'diz_tavole' ()  FROM STDOUT WITH DELIMITER ','
             ^


COPY error on lines 461
COPY error: syntax error at or near "'diz_tavole'"
LINE 1: COPY 'diz_tavole' ()  FROM STDOUT WITH DELIMITER ','
             ^


COPY error on lines 462
COPY error: syntax error at or near "'diz_tavole'"
LINE 1: COPY 'diz_tavole' ()  FROM STDOUT WITH DELIMITER ','
             ^


COPY error on lines 463
COPY error: syntax error at or near "'diz_tavole'"
LINE 1: COPY 'diz_tavole' ()  FROM STDOUT WITH DELIMITER ','
             ^


COPY error on lines 464
COPY error: syntax error at or near "'diz_tavole'"
LINE 1: COPY 'diz_tavole' ()  FROM STDOUT WITH DELIMITER ','
             ^


COPY error on lines 465
COPY error: syntax error at or near "'diz_tavole'"
LINE 1: COPY 'diz_tavole' ()  FROM STDOUT WITH DELIMITER ','
             ^


COPY error on lines 466
COPY error: syntax error at or near "'diz_tavole'"
LINE 1: COPY 'diz_tavole' ()  FROM STDOUT WITH DELIMITER ','
             ^


COPY error on lines 467
COPY error: syntax error at or near "'diz_tavole'"
LINE 1: COPY 'diz_tavole' ()  FROM STDOUT WITH DELIMITER ','
             ^


COPY error on lines 468
COPY error: syntax error at or near "'diz_tavole'"
LINE 1: COPY 'diz_tavole' ()  FROM STDOUT WITH DELIMITER ','
             ^


COPY error on lines 469
COPY error: syntax error at or near "'diz_tavole'"
LINE 1: COPY 'diz_tavole' ()  FROM STDOUT WITH DELIMITER ','
             ^


COPY error on lines 470
COPY error: syntax error at or near "'diz_tavole'"
LINE 1: COPY 'diz_tavole' ()  FROM STDOUT WITH DELIMITER ','
             ^


COPY error on lines 471
COPY error: syntax error at or near "'diz_tavole'"
LINE 1: COPY 'diz_tavole' ()  FROM STDOUT WITH DELIMITER ','
             ^


COPY error on lines 472
COPY error: syntax error at or near "'diz_tavole'"
LINE 1: COPY 'diz_tavole' ()  FROM STDOUT WITH DELIMITER ','
             ^


COPY error on lines 473
COPY error: syntax error at or near "'diz_tavole'"
LINE 1: COPY 'diz_tavole' ()  FROM STDOUT WITH DELIMITER ','
             ^


COPY error on lines 474
COPY error: syntax error at or near "'diz_tavole'"
LINE 1: COPY 'diz_tavole' ()  FROM STDOUT WITH DELIMITER ','
             ^


COPY error on lines 475
COPY error: syntax error at or near "'diz_tavole'"
LINE 1: COPY 'diz_tavole' ()  FROM STDOUT WITH DELIMITER ','
             ^


COPY error on lines 476
COPY error: syntax error at or near "'diz_tavole'"
LINE 1: COPY 'diz_tavole' ()  FROM STDOUT WITH DELIMITER ','
             ^


COPY error on lines 477
COPY error: syntax error at or near "'diz_tavole'"
LINE 1: COPY 'diz_tavole' ()  FROM STDOUT WITH DELIMITER ','
             ^


COPY error on lines 478
COPY error: syntax error at or near "'diz_tavole'"
LINE 1: COPY 'diz_tavole' ()  FROM STDOUT WITH DELIMITER ','
             ^


COPY error on lines 479
COPY error: syntax error at or near "'diz_tavole'"
LINE 1: COPY 'diz_tavole' ()  FROM STDOUT WITH DELIMITER ','
             ^


COPY error on lines 480
COPY error: syntax error at or near "'diz_tavole'"
LINE 1: COPY 'diz_tavole' ()  FROM STDOUT WITH DELIMITER ','
             ^


COPY error on lines 481
COPY error: syntax error at or near "'diz_tavole'"
LINE 1: COPY 'diz_tavole' ()  FROM STDOUT WITH DELIMITER ','
             ^


COPY error on lines 482
COPY error: syntax error at or near "'diz_tavole'"
LINE 1: COPY 'diz_tavole' ()  FROM STDOUT WITH DELIMITER ','
             ^


COPY error on lines 483
COPY error: syntax error at or near "'diz_tavole'"
LINE 1: COPY 'diz_tavole' ()  FROM STDOUT WITH DELIMITER ','
             ^


COPY error on lines 484
COPY error: syntax error at or near "'diz_tavole'"
LINE 1: COPY 'diz_tavole' ()  FROM STDOUT WITH DELIMITER ','
             ^


COPY error on lines 485
COPY error: syntax error at or near "'diz_tavole'"
LINE 1: COPY 'diz_tavole' ()  FROM STDOUT WITH DELIMITER ','
             ^


COPY error on lines 486
COPY error: syntax error at or near "'diz_tavole'"
LINE 1: COPY 'diz_tavole' ()  FROM STDOUT WITH DELIMITER ','
             ^


COPY error on lines 487
COPY error: syntax error at or near "'diz_tavole'"
LINE 1: COPY 'diz_tavole' ()  FROM STDOUT WITH DELIMITER ','
             ^


COPY error on lines 488
COPY error: syntax error at or near "'diz_tavole'"
LINE 1: COPY 'diz_tavole' ()  FROM STDOUT WITH DELIMITER ','
             ^


COPY error on lines 489
COPY error: syntax error at or near "'diz_tavole'"
LINE 1: COPY 'diz_tavole' ()  FROM STDOUT WITH DELIMITER ','
             ^


COPY error on lines 490
COPY error: syntax error at or near "'diz_tavole'"
LINE 1: COPY 'diz_tavole' ()  FROM STDOUT WITH DELIMITER ','
             ^


COPY error on lines 491
COPY error: syntax error at or near "'diz_tavole'"
LINE 1: COPY 'diz_tavole' ()  FROM STDOUT WITH DELIMITER ','
             ^


COPY error on lines 492
COPY error: syntax error at or near "'diz_tavole'"
LINE 1: COPY 'diz_tavole' ()  FROM STDOUT WITH DELIMITER ','
             ^


COPY error on lines 493
COPY error: syntax error at or near "'diz_tavole'"
LINE 1: COPY 'diz_tavole' ()  FROM STDOUT WITH DELIMITER ','
             ^


COPY error on lines 494
COPY error: syntax error at or near "'diz_tavole'"
LINE 1: COPY 'diz_tavole' ()  FROM STDOUT WITH DELIMITER ','
             ^


COPY error on lines 495
COPY error: syntax error at or near "'diz_tavole'"
LINE 1: COPY 'diz_tavole' ()  FROM STDOUT WITH DELIMITER ','
             ^


COPY error on lines 496
COPY error: syntax error at or near "'diz_tavole'"
LINE 1: COPY 'diz_tavole' ()  FROM STDOUT WITH DELIMITER ','
             ^


COPY error on lines 497
COPY error: syntax error at or near "'diz_tavole'"
LINE 1: COPY 'diz_tavole' ()  FROM STDOUT WITH DELIMITER ','
             ^


COPY error on lines 498
COPY error: syntax error at or near "'diz_tavole'"
LINE 1: COPY 'diz_tavole' ()  FROM STDOUT WITH DELIMITER ','
             ^


COPY error on lines 499
COPY error: syntax error at or near "'diz_tavole'"
LINE 1: COPY 'diz_tavole' ()  FROM STDOUT WITH DELIMITER ','
             ^


COPY error on lines 500
COPY error: syntax error at or near "'diz_tavole'"
LINE 1: COPY 'diz_tavole' ()  FROM STDOUT WITH DELIMITER ','
             ^


COPY error on lines 501
COPY error: syntax error at or near "'diz_tavole'"
LINE 1: COPY 'diz_tavole' ()  FROM STDOUT WITH DELIMITER ','
             ^


COPY error on lines 502
COPY error: syntax error at or near "'diz_tavole'"
LINE 1: COPY 'diz_tavole' ()  FROM STDOUT WITH DELIMITER ','
             ^


COPY error on lines 503
COPY error: syntax error at or near "'diz_tavole'"
LINE 1: COPY 'diz_tavole' ()  FROM STDOUT WITH DELIMITER ','
             ^


COPY error on lines 504
COPY error: syntax error at or near "'diz_tavole'"
LINE 1: COPY 'diz_tavole' ()  FROM STDOUT WITH DELIMITER ','
             ^


COPY error on lines 505
COPY error: syntax error at or near "'diz_tavole'"
LINE 1: COPY 'diz_tavole' ()  FROM STDOUT WITH DELIMITER ','
             ^


COPY error on lines 506
COPY error: syntax error at or near "'diz_tavole'"
LINE 1: COPY 'diz_tavole' ()  FROM STDOUT WITH DELIMITER ','
             ^


COPY error on lines 507
COPY error: syntax error at or near "'diz_tavole'"
LINE 1: COPY 'diz_tavole' ()  FROM STDOUT WITH DELIMITER ','
             ^


COPY error on lines 508
COPY error: syntax error at or near "'diz_tavole'"
LINE 1: COPY 'diz_tavole' ()  FROM STDOUT WITH DELIMITER ','
             ^


COPY error on lines 509
COPY error: syntax error at or near "'diz_tavole'"
LINE 1: COPY 'diz_tavole' ()  FROM STDOUT WITH DELIMITER ','
             ^


COPY error on lines 510
COPY error: syntax error at or near "'diz_tavole'"
LINE 1: COPY 'diz_tavole' ()  FROM STDOUT WITH DELIMITER ','
             ^


COPY error on lines 511
COPY error: syntax error at or near "'diz_tavole'"
LINE 1: COPY 'diz_tavole' ()  FROM STDOUT WITH DELIMITER ','
             ^


COPY error on lines 512
COPY error: syntax error at or near "'diz_tavole'"
LINE 1: COPY 'diz_tavole' ()  FROM STDOUT WITH DELIMITER ','
             ^


COPY error on lines 513
COPY error: syntax error at or near "'diz_tavole'"
LINE 1: COPY 'diz_tavole' ()  FROM STDOUT WITH DELIMITER ','
             ^


COPY error on lines 514
COPY error: syntax error at or near "'diz_tavole'"
LINE 1: COPY 'diz_tavole' ()  FROM STDOUT WITH DELIMITER ','
             ^


COPY error on lines 515
COPY error: syntax error at or near "'diz_tavole'"
LINE 1: COPY 'diz_tavole' ()  FROM STDOUT WITH DELIMITER ','
             ^


COPY error on lines 516
COPY error: syntax error at or near "'diz_tavole'"
LINE 1: COPY 'diz_tavole' ()  FROM STDOUT WITH DELIMITER ','
             ^


COPY error on lines 517
COPY error: syntax error at or near "'diz_tavole'"
LINE 1: COPY 'diz_tavole' ()  FROM STDOUT WITH DELIMITER ','
             ^


COPY error on lines 518
COPY error: syntax error at or near "'diz_tavole'"
LINE 1: COPY 'diz_tavole' ()  FROM STDOUT WITH DELIMITER ','
             ^


COPY error on lines 519
COPY error: syntax error at or near "'diz_tavole'"
LINE 1: COPY 'diz_tavole' ()  FROM STDOUT WITH DELIMITER ','
             ^


COPY error on lines 520
COPY error: syntax error at or near "'diz_tavole'"
LINE 1: COPY 'diz_tavole' ()  FROM STDOUT WITH DELIMITER ','
             ^


COPY error on lines 521
COPY error: syntax error at or near "'diz_tavole'"
LINE 1: COPY 'diz_tavole' ()  FROM STDOUT WITH DELIMITER ','
             ^


COPY error on lines 522
COPY error: syntax error at or near "'diz_tavole'"
LINE 1: COPY 'diz_tavole' ()  FROM STDOUT WITH DELIMITER ','
             ^


COPY error on lines 523
COPY error: syntax error at or near "'diz_tavole'"
LINE 1: COPY 'diz_tavole' ()  FROM STDOUT WITH DELIMITER ','
             ^


COPY error on lines 524
COPY error: syntax error at or near "'diz_tavole'"
LINE 1: COPY 'diz_tavole' ()  FROM STDOUT WITH DELIMITER ','
             ^


COPY error on lines 525
COPY error: syntax error at or near "'diz_tavole'"
LINE 1: COPY 'diz_tavole' ()  FROM STDOUT WITH DELIMITER ','
             ^


COPY error on lines 526
COPY error: syntax error at or near "'diz_tavole'"
LINE 1: COPY 'diz_tavole' ()  FROM STDOUT WITH DELIMITER ','
             ^


COPY error on lines 527
COPY error: syntax error at or near "'diz_tavole'"
LINE 1: COPY 'diz_tavole' ()  FROM STDOUT WITH DELIMITER ','
             ^


COPY error on lines 528
COPY error: syntax error at or near "'diz_tavole'"
LINE 1: COPY 'diz_tavole' ()  FROM STDOUT WITH DELIMITER ','
             ^


COPY error on lines 529
COPY error: syntax error at or near "'diz_tavole'"
LINE 1: COPY 'diz_tavole' ()  FROM STDOUT WITH DELIMITER ','
             ^


COPY error on lines 530
COPY error: syntax error at or near "'diz_tavole'"
LINE 1: COPY 'diz_tavole' ()  FROM STDOUT WITH DELIMITER ','
             ^


COPY error on lines 531
COPY error: syntax error at or near "'diz_tavole'"
LINE 1: COPY 'diz_tavole' ()  FROM STDOUT WITH DELIMITER ','
             ^


COPY error on lines 532
COPY error: syntax error at or near "'diz_tavole'"
LINE 1: COPY 'diz_tavole' ()  FROM STDOUT WITH DELIMITER ','
             ^


COPY error on lines 533
COPY error: syntax error at or near "'diz_tavole'"
LINE 1: COPY 'diz_tavole' ()  FROM STDOUT WITH DELIMITER ','
             ^


COPY error on lines 534
COPY error: syntax error at or near "'diz_tavole'"
LINE 1: COPY 'diz_tavole' ()  FROM STDOUT WITH DELIMITER ','
             ^


COPY error on lines 535
COPY error: syntax error at or near "'diz_tavole'"
LINE 1: COPY 'diz_tavole' ()  FROM STDOUT WITH DELIMITER ','
             ^


COPY error on lines 536
COPY error: syntax error at or near "'diz_tavole'"
LINE 1: COPY 'diz_tavole' ()  FROM STDOUT WITH DELIMITER ','
             ^


COPY error on lines 537
COPY error: syntax error at or near "'diz_tavole'"
LINE 1: COPY 'diz_tavole' ()  FROM STDOUT WITH DELIMITER ','
             ^


COPY error on lines 538
COPY error: syntax error at or near "'diz_tavole'"
LINE 1: COPY 'diz_tavole' ()  FROM STDOUT WITH DELIMITER ','
             ^


COPY error on lines 539
COPY error: syntax error at or near "'diz_tavole'"
LINE 1: COPY 'diz_tavole' ()  FROM STDOUT WITH DELIMITER ','
             ^


COPY error on lines 540
COPY error: syntax error at or near "'diz_tavole'"
LINE 1: COPY 'diz_tavole' ()  FROM STDOUT WITH DELIMITER ','
             ^


COPY error on lines 541
COPY error: syntax error at or near "'diz_tavole'"
LINE 1: COPY 'diz_tavole' ()  FROM STDOUT WITH DELIMITER ','
             ^


COPY error on lines 542
COPY error: syntax error at or near "'diz_tavole'"
LINE 1: COPY 'diz_tavole' ()  FROM STDOUT WITH DELIMITER ','
             ^


COPY error on lines 543
COPY error: syntax error at or near "'diz_tavole'"
LINE 1: COPY 'diz_tavole' ()  FROM STDOUT WITH DELIMITER ','
             ^


COPY error on lines 544
COPY error: syntax error at or near "'diz_tavole'"
LINE 1: COPY 'diz_tavole' ()  FROM STDOUT WITH DELIMITER ','
             ^


COPY error on lines 545
COPY error: syntax error at or near "'diz_tavole'"
LINE 1: COPY 'diz_tavole' ()  FROM STDOUT WITH DELIMITER ','
             ^


COPY error on lines 546
COPY error: syntax error at or near "'diz_tavole'"
LINE 1: COPY 'diz_tavole' ()  FROM STDOUT WITH DELIMITER ','
             ^


