COPY error on lines 
COPY error: syntax error at or near "'erbacee'"
LINE 1: COPY 'erbacee' ()  FROM STDOUT WITH DELIMITER ','
             ^


COPY error on lines 
COPY error: syntax error at or near "'erbacee'"
LINE 1: COPY 'erbacee' ()  FROM STDOUT WITH DELIMITER ','
             ^


COPY error on lines 
COPY error: syntax error at or near "'erbacee'"
LINE 1: COPY 'erbacee' ()  FROM STDOUT WITH DELIMITER ','
             ^


COPY error on lines 
COPY error: syntax error at or near "'erbacee'"
LINE 1: COPY 'erbacee' ()  FROM STDOUT WITH DELIMITER ','
             ^


COPY error on lines 
COPY error: syntax error at or near "'erbacee'"
LINE 1: COPY 'erbacee' ()  FROM STDOUT WITH DELIMITER ','
             ^


COPY error on lines 
COPY error: syntax error at or near "'erbacee'"
LINE 1: COPY 'erbacee' ()  FROM STDOUT WITH DELIMITER ','
             ^


COPY error on lines 
COPY error: syntax error at or near "'erbacee'"
LINE 1: COPY 'erbacee' ()  FROM STDOUT WITH DELIMITER ','
             ^


COPY error on lines 
COPY error: syntax error at or near "'erbacee'"
LINE 1: COPY 'erbacee' ()  FROM STDOUT WITH DELIMITER ','
             ^


COPY error on lines 
COPY error: syntax error at or near "'erbacee'"
LINE 1: COPY 'erbacee' ()  FROM STDOUT WITH DELIMITER ','
             ^


COPY error on lines 
COPY error: syntax error at or near "'erbacee'"
LINE 1: COPY 'erbacee' ()  FROM STDOUT WITH DELIMITER ','
             ^


COPY error on lines 
COPY error: syntax error at or near "'erbacee'"
LINE 1: COPY 'erbacee' ()  FROM STDOUT WITH DELIMITER ','
             ^


COPY error on lines 
COPY error: syntax error at or near "'erbacee'"
LINE 1: COPY 'erbacee' ()  FROM STDOUT WITH DELIMITER ','
             ^


COPY error on lines 
COPY error: syntax error at or near "'erbacee'"
LINE 1: COPY 'erbacee' ()  FROM STDOUT WITH DELIMITER ','
             ^


COPY error on lines 
COPY error: syntax error at or near "'erbacee'"
LINE 1: COPY 'erbacee' ()  FROM STDOUT WITH DELIMITER ','
             ^


COPY error on lines 
COPY error: syntax error at or near "'erbacee'"
LINE 1: COPY 'erbacee' ()  FROM STDOUT WITH DELIMITER ','
             ^


COPY error on lines 
COPY error: syntax error at or near "'erbacee'"
LINE 1: COPY 'erbacee' ()  FROM STDOUT WITH DELIMITER ','
             ^


COPY error on lines 
COPY error: syntax error at or near "'erbacee'"
LINE 1: COPY 'erbacee' ()  FROM STDOUT WITH DELIMITER ','
             ^


COPY error on lines 
COPY error: syntax error at or near "'erbacee'"
LINE 1: COPY 'erbacee' ()  FROM STDOUT WITH DELIMITER ','
             ^


COPY error on lines 
COPY error: syntax error at or near "'erbacee'"
LINE 1: COPY 'erbacee' ()  FROM STDOUT WITH DELIMITER ','
             ^


COPY error on lines 
COPY error: syntax error at or near "'erbacee'"
LINE 1: COPY 'erbacee' ()  FROM STDOUT WITH DELIMITER ','
             ^


COPY error on lines 
COPY error: syntax error at or near "'erbacee'"
LINE 1: COPY 'erbacee' ()  FROM STDOUT WITH DELIMITER ','
             ^


COPY error on lines 
COPY error: syntax error at or near "'erbacee'"
LINE 1: COPY 'erbacee' ()  FROM STDOUT WITH DELIMITER ','
             ^


COPY error on lines 
COPY error: syntax error at or near "'erbacee'"
LINE 1: COPY 'erbacee' ()  FROM STDOUT WITH DELIMITER ','
             ^


COPY error on lines 
COPY error: syntax error at or near "'erbacee'"
LINE 1: COPY 'erbacee' ()  FROM STDOUT WITH DELIMITER ','
             ^


COPY error on lines 
COPY error: syntax error at or near "'erbacee'"
LINE 1: COPY 'erbacee' ()  FROM STDOUT WITH DELIMITER ','
             ^


COPY error on lines 
COPY error: syntax error at or near "'erbacee'"
LINE 1: COPY 'erbacee' ()  FROM STDOUT WITH DELIMITER ','
             ^


COPY error on lines 
COPY error: syntax error at or near "'erbacee'"
LINE 1: COPY 'erbacee' ()  FROM STDOUT WITH DELIMITER ','
             ^


COPY error on lines 
COPY error: syntax error at or near "'erbacee'"
LINE 1: COPY 'erbacee' ()  FROM STDOUT WITH DELIMITER ','
             ^


COPY error on lines 
COPY error: syntax error at or near "'erbacee'"
LINE 1: COPY 'erbacee' ()  FROM STDOUT WITH DELIMITER ','
             ^


COPY error on lines 
COPY error: syntax error at or near "'erbacee'"
LINE 1: COPY 'erbacee' ()  FROM STDOUT WITH DELIMITER ','
             ^


COPY error on lines 
COPY error: syntax error at or near "'erbacee'"
LINE 1: COPY 'erbacee' ()  FROM STDOUT WITH DELIMITER ','
             ^


COPY error on lines 
COPY error: syntax error at or near "'erbacee'"
LINE 1: COPY 'erbacee' ()  FROM STDOUT WITH DELIMITER ','
             ^


COPY error on lines 
COPY error: syntax error at or near "'erbacee'"
LINE 1: COPY 'erbacee' ()  FROM STDOUT WITH DELIMITER ','
             ^


COPY error on lines 
COPY error: syntax error at or near "'erbacee'"
LINE 1: COPY 'erbacee' ()  FROM STDOUT WITH DELIMITER ','
             ^


COPY error on lines 
COPY error: syntax error at or near "'erbacee'"
LINE 1: COPY 'erbacee' ()  FROM STDOUT WITH DELIMITER ','
             ^


COPY error on lines 
COPY error: syntax error at or near "'erbacee'"
LINE 1: COPY 'erbacee' ()  FROM STDOUT WITH DELIMITER ','
             ^


COPY error on lines 
COPY error: syntax error at or near "'erbacee'"
LINE 1: COPY 'erbacee' ()  FROM STDOUT WITH DELIMITER ','
             ^


COPY error on lines 
COPY error: syntax error at or near "'erbacee'"
LINE 1: COPY 'erbacee' ()  FROM STDOUT WITH DELIMITER ','
             ^


COPY error on lines 
COPY error: syntax error at or near "'erbacee'"
LINE 1: COPY 'erbacee' ()  FROM STDOUT WITH DELIMITER ','
             ^


COPY error on lines 
COPY error: syntax error at or near "'erbacee'"
LINE 1: COPY 'erbacee' ()  FROM STDOUT WITH DELIMITER ','
             ^


COPY error on lines 
COPY error: syntax error at or near "'erbacee'"
LINE 1: COPY 'erbacee' ()  FROM STDOUT WITH DELIMITER ','
             ^


COPY error on lines 
COPY error: syntax error at or near "'erbacee'"
LINE 1: COPY 'erbacee' ()  FROM STDOUT WITH DELIMITER ','
             ^


COPY error on lines 
COPY error: syntax error at or near "'erbacee'"
LINE 1: COPY 'erbacee' ()  FROM STDOUT WITH DELIMITER ','
             ^


COPY error on lines 
COPY error: syntax error at or near "'erbacee'"
LINE 1: COPY 'erbacee' ()  FROM STDOUT WITH DELIMITER ','
             ^


COPY error on lines 
COPY error: syntax error at or near "'erbacee'"
LINE 1: COPY 'erbacee' ()  FROM STDOUT WITH DELIMITER ','
             ^


COPY error on lines 
COPY error: syntax error at or near "'erbacee'"
LINE 1: COPY 'erbacee' ()  FROM STDOUT WITH DELIMITER ','
             ^


COPY error on lines 
COPY error: syntax error at or near "'erbacee'"
LINE 1: COPY 'erbacee' ()  FROM STDOUT WITH DELIMITER ','
             ^


COPY error on lines 
COPY error: syntax error at or near "'erbacee'"
LINE 1: COPY 'erbacee' ()  FROM STDOUT WITH DELIMITER ','
             ^


COPY error on lines 
COPY error: syntax error at or near "'erbacee'"
LINE 1: COPY 'erbacee' ()  FROM STDOUT WITH DELIMITER ','
             ^


COPY error on lines 
COPY error: syntax error at or near "'erbacee'"
LINE 1: COPY 'erbacee' ()  FROM STDOUT WITH DELIMITER ','
             ^


COPY error on lines 
COPY error: syntax error at or near "'erbacee'"
LINE 1: COPY 'erbacee' ()  FROM STDOUT WITH DELIMITER ','
             ^


COPY error on lines 
COPY error: syntax error at or near "'erbacee'"
LINE 1: COPY 'erbacee' ()  FROM STDOUT WITH DELIMITER ','
             ^


COPY error on lines 
COPY error: syntax error at or near "'erbacee'"
LINE 1: COPY 'erbacee' ()  FROM STDOUT WITH DELIMITER ','
             ^


COPY error on lines 
COPY error: syntax error at or near "'erbacee'"
LINE 1: COPY 'erbacee' ()  FROM STDOUT WITH DELIMITER ','
             ^


COPY error on lines 
COPY error: syntax error at or near "'erbacee'"
LINE 1: COPY 'erbacee' ()  FROM STDOUT WITH DELIMITER ','
             ^


COPY error on lines 
COPY error: syntax error at or near "'erbacee'"
LINE 1: COPY 'erbacee' ()  FROM STDOUT WITH DELIMITER ','
             ^


COPY error on lines 
COPY error: syntax error at or near "'erbacee'"
LINE 1: COPY 'erbacee' ()  FROM STDOUT WITH DELIMITER ','
             ^


COPY error on lines 
COPY error: syntax error at or near "'erbacee'"
LINE 1: COPY 'erbacee' ()  FROM STDOUT WITH DELIMITER ','
             ^


COPY error on lines 
COPY error: syntax error at or near "'erbacee'"
LINE 1: COPY 'erbacee' ()  FROM STDOUT WITH DELIMITER ','
             ^


COPY error on lines 
COPY error: syntax error at or near "'erbacee'"
LINE 1: COPY 'erbacee' ()  FROM STDOUT WITH DELIMITER ','
             ^


COPY error on lines 
COPY error: syntax error at or near "'erbacee'"
LINE 1: COPY 'erbacee' ()  FROM STDOUT WITH DELIMITER ','
             ^


COPY error on lines 
COPY error: syntax error at or near "'erbacee'"
LINE 1: COPY 'erbacee' ()  FROM STDOUT WITH DELIMITER ','
             ^


COPY error on lines 
COPY error: syntax error at or near "'erbacee'"
LINE 1: COPY 'erbacee' ()  FROM STDOUT WITH DELIMITER ','
             ^


COPY error on lines 
COPY error: syntax error at or near "'erbacee'"
LINE 1: COPY 'erbacee' ()  FROM STDOUT WITH DELIMITER ','
             ^


COPY error on lines 
COPY error: syntax error at or near "'erbacee'"
LINE 1: COPY 'erbacee' ()  FROM STDOUT WITH DELIMITER ','
             ^


COPY error on lines 
COPY error: syntax error at or near "'erbacee'"
LINE 1: COPY 'erbacee' ()  FROM STDOUT WITH DELIMITER ','
             ^


COPY error on lines 
COPY error: syntax error at or near "'erbacee'"
LINE 1: COPY 'erbacee' ()  FROM STDOUT WITH DELIMITER ','
             ^


COPY error on lines 
COPY error: syntax error at or near "'erbacee'"
LINE 1: COPY 'erbacee' ()  FROM STDOUT WITH DELIMITER ','
             ^


COPY error on lines 
COPY error: syntax error at or near "'erbacee'"
LINE 1: COPY 'erbacee' ()  FROM STDOUT WITH DELIMITER ','
             ^


COPY error on lines 
COPY error: syntax error at or near "'erbacee'"
LINE 1: COPY 'erbacee' ()  FROM STDOUT WITH DELIMITER ','
             ^


COPY error on lines 
COPY error: syntax error at or near "'erbacee'"
LINE 1: COPY 'erbacee' ()  FROM STDOUT WITH DELIMITER ','
             ^


COPY error on lines 
COPY error: syntax error at or near "'erbacee'"
LINE 1: COPY 'erbacee' ()  FROM STDOUT WITH DELIMITER ','
             ^


COPY error on lines 
COPY error: syntax error at or near "'erbacee'"
LINE 1: COPY 'erbacee' ()  FROM STDOUT WITH DELIMITER ','
             ^


COPY error on lines 
COPY error: syntax error at or near "'erbacee'"
LINE 1: COPY 'erbacee' ()  FROM STDOUT WITH DELIMITER ','
             ^


COPY error on lines 
COPY error: syntax error at or near "'erbacee'"
LINE 1: COPY 'erbacee' ()  FROM STDOUT WITH DELIMITER ','
             ^


COPY error on lines 
COPY error: syntax error at or near "'erbacee'"
LINE 1: COPY 'erbacee' ()  FROM STDOUT WITH DELIMITER ','
             ^


COPY error on lines 
COPY error: syntax error at or near "'erbacee'"
LINE 1: COPY 'erbacee' ()  FROM STDOUT WITH DELIMITER ','
             ^


COPY error on lines 
COPY error: syntax error at or near "'erbacee'"
LINE 1: COPY 'erbacee' ()  FROM STDOUT WITH DELIMITER ','
             ^


COPY error on lines 
COPY error: syntax error at or near "'erbacee'"
LINE 1: COPY 'erbacee' ()  FROM STDOUT WITH DELIMITER ','
             ^


COPY error on lines 
COPY error: syntax error at or near "'erbacee'"
LINE 1: COPY 'erbacee' ()  FROM STDOUT WITH DELIMITER ','
             ^


COPY error on lines 
COPY error: syntax error at or near "'erbacee'"
LINE 1: COPY 'erbacee' ()  FROM STDOUT WITH DELIMITER ','
             ^


COPY error on lines 
COPY error: syntax error at or near "'erbacee'"
LINE 1: COPY 'erbacee' ()  FROM STDOUT WITH DELIMITER ','
             ^


COPY error on lines 
COPY error: syntax error at or near "'erbacee'"
LINE 1: COPY 'erbacee' ()  FROM STDOUT WITH DELIMITER ','
             ^


COPY error on lines 
COPY error: syntax error at or near "'erbacee'"
LINE 1: COPY 'erbacee' ()  FROM STDOUT WITH DELIMITER ','
             ^


COPY error on lines 
COPY error: syntax error at or near "'erbacee'"
LINE 1: COPY 'erbacee' ()  FROM STDOUT WITH DELIMITER ','
             ^


COPY error on lines 
COPY error: syntax error at or near "'erbacee'"
LINE 1: COPY 'erbacee' ()  FROM STDOUT WITH DELIMITER ','
             ^


COPY error on lines 
COPY error: syntax error at or near "'erbacee'"
LINE 1: COPY 'erbacee' ()  FROM STDOUT WITH DELIMITER ','
             ^


COPY error on lines 
COPY error: syntax error at or near "'erbacee'"
LINE 1: COPY 'erbacee' ()  FROM STDOUT WITH DELIMITER ','
             ^


COPY error on lines 
COPY error: syntax error at or near "'erbacee'"
LINE 1: COPY 'erbacee' ()  FROM STDOUT WITH DELIMITER ','
             ^


COPY error on lines 
COPY error: syntax error at or near "'erbacee'"
LINE 1: COPY 'erbacee' ()  FROM STDOUT WITH DELIMITER ','
             ^


COPY error on lines 
COPY error: syntax error at or near "'erbacee'"
LINE 1: COPY 'erbacee' ()  FROM STDOUT WITH DELIMITER ','
             ^


COPY error on lines 
COPY error: syntax error at or near "'erbacee'"
LINE 1: COPY 'erbacee' ()  FROM STDOUT WITH DELIMITER ','
             ^


COPY error on lines 
COPY error: syntax error at or near "'erbacee'"
LINE 1: COPY 'erbacee' ()  FROM STDOUT WITH DELIMITER ','
             ^


COPY error on lines 
COPY error: syntax error at or near "'erbacee'"
LINE 1: COPY 'erbacee' ()  FROM STDOUT WITH DELIMITER ','
             ^


COPY error on lines 
COPY error: syntax error at or near "'erbacee'"
LINE 1: COPY 'erbacee' ()  FROM STDOUT WITH DELIMITER ','
             ^


COPY error on lines 
COPY error: syntax error at or near "'erbacee'"
LINE 1: COPY 'erbacee' ()  FROM STDOUT WITH DELIMITER ','
             ^


COPY error on lines 
COPY error: syntax error at or near "'erbacee'"
LINE 1: COPY 'erbacee' ()  FROM STDOUT WITH DELIMITER ','
             ^


COPY error on lines 
COPY error: syntax error at or near "'erbacee'"
LINE 1: COPY 'erbacee' ()  FROM STDOUT WITH DELIMITER ','
             ^


COPY error on lines 
COPY error: syntax error at or near "'erbacee'"
LINE 1: COPY 'erbacee' ()  FROM STDOUT WITH DELIMITER ','
             ^


COPY error on lines 
COPY error: syntax error at or near "'erbacee'"
LINE 1: COPY 'erbacee' ()  FROM STDOUT WITH DELIMITER ','
             ^


COPY error on lines 100
COPY error: syntax error at or near "'erbacee'"
LINE 1: COPY 'erbacee' ()  FROM STDOUT WITH DELIMITER ','
             ^


COPY error on lines 101
COPY error: syntax error at or near "'erbacee'"
LINE 1: COPY 'erbacee' ()  FROM STDOUT WITH DELIMITER ','
             ^


COPY error on lines 102
COPY error: syntax error at or near "'erbacee'"
LINE 1: COPY 'erbacee' ()  FROM STDOUT WITH DELIMITER ','
             ^


COPY error on lines 103
COPY error: syntax error at or near "'erbacee'"
LINE 1: COPY 'erbacee' ()  FROM STDOUT WITH DELIMITER ','
             ^


COPY error on lines 104
COPY error: syntax error at or near "'erbacee'"
LINE 1: COPY 'erbacee' ()  FROM STDOUT WITH DELIMITER ','
             ^


COPY error on lines 105
COPY error: syntax error at or near "'erbacee'"
LINE 1: COPY 'erbacee' ()  FROM STDOUT WITH DELIMITER ','
             ^


COPY error on lines 106
COPY error: syntax error at or near "'erbacee'"
LINE 1: COPY 'erbacee' ()  FROM STDOUT WITH DELIMITER ','
             ^


COPY error on lines 107
COPY error: syntax error at or near "'erbacee'"
LINE 1: COPY 'erbacee' ()  FROM STDOUT WITH DELIMITER ','
             ^


COPY error on lines 108
COPY error: syntax error at or near "'erbacee'"
LINE 1: COPY 'erbacee' ()  FROM STDOUT WITH DELIMITER ','
             ^


COPY error on lines 109
COPY error: syntax error at or near "'erbacee'"
LINE 1: COPY 'erbacee' ()  FROM STDOUT WITH DELIMITER ','
             ^


COPY error on lines 110
COPY error: syntax error at or near "'erbacee'"
LINE 1: COPY 'erbacee' ()  FROM STDOUT WITH DELIMITER ','
             ^


COPY error on lines 111
COPY error: syntax error at or near "'erbacee'"
LINE 1: COPY 'erbacee' ()  FROM STDOUT WITH DELIMITER ','
             ^


COPY error on lines 112
COPY error: syntax error at or near "'erbacee'"
LINE 1: COPY 'erbacee' ()  FROM STDOUT WITH DELIMITER ','
             ^


COPY error on lines 113
COPY error: syntax error at or near "'erbacee'"
LINE 1: COPY 'erbacee' ()  FROM STDOUT WITH DELIMITER ','
             ^


COPY error on lines 114
COPY error: syntax error at or near "'erbacee'"
LINE 1: COPY 'erbacee' ()  FROM STDOUT WITH DELIMITER ','
             ^


COPY error on lines 115
COPY error: syntax error at or near "'erbacee'"
LINE 1: COPY 'erbacee' ()  FROM STDOUT WITH DELIMITER ','
             ^


COPY error on lines 116
COPY error: syntax error at or near "'erbacee'"
LINE 1: COPY 'erbacee' ()  FROM STDOUT WITH DELIMITER ','
             ^


COPY error on lines 117
COPY error: syntax error at or near "'erbacee'"
LINE 1: COPY 'erbacee' ()  FROM STDOUT WITH DELIMITER ','
             ^


COPY error on lines 118
COPY error: syntax error at or near "'erbacee'"
LINE 1: COPY 'erbacee' ()  FROM STDOUT WITH DELIMITER ','
             ^


COPY error on lines 119
COPY error: syntax error at or near "'erbacee'"
LINE 1: COPY 'erbacee' ()  FROM STDOUT WITH DELIMITER ','
             ^


COPY error on lines 120
COPY error: syntax error at or near "'erbacee'"
LINE 1: COPY 'erbacee' ()  FROM STDOUT WITH DELIMITER ','
             ^


COPY error on lines 121
COPY error: syntax error at or near "'erbacee'"
LINE 1: COPY 'erbacee' ()  FROM STDOUT WITH DELIMITER ','
             ^


COPY error on lines 122
COPY error: syntax error at or near "'erbacee'"
LINE 1: COPY 'erbacee' ()  FROM STDOUT WITH DELIMITER ','
             ^


COPY error on lines 123
COPY error: syntax error at or near "'erbacee'"
LINE 1: COPY 'erbacee' ()  FROM STDOUT WITH DELIMITER ','
             ^


COPY error on lines 124
COPY error: syntax error at or near "'erbacee'"
LINE 1: COPY 'erbacee' ()  FROM STDOUT WITH DELIMITER ','
             ^


COPY error on lines 125
COPY error: syntax error at or near "'erbacee'"
LINE 1: COPY 'erbacee' ()  FROM STDOUT WITH DELIMITER ','
             ^


COPY error on lines 126
COPY error: syntax error at or near "'erbacee'"
LINE 1: COPY 'erbacee' ()  FROM STDOUT WITH DELIMITER ','
             ^


COPY error on lines 127
COPY error: syntax error at or near "'erbacee'"
LINE 1: COPY 'erbacee' ()  FROM STDOUT WITH DELIMITER ','
             ^


COPY error on lines 128
COPY error: syntax error at or near "'erbacee'"
LINE 1: COPY 'erbacee' ()  FROM STDOUT WITH DELIMITER ','
             ^


COPY error on lines 129
COPY error: syntax error at or near "'erbacee'"
LINE 1: COPY 'erbacee' ()  FROM STDOUT WITH DELIMITER ','
             ^


COPY error on lines 130
COPY error: syntax error at or near "'erbacee'"
LINE 1: COPY 'erbacee' ()  FROM STDOUT WITH DELIMITER ','
             ^


COPY error on lines 131
COPY error: syntax error at or near "'erbacee'"
LINE 1: COPY 'erbacee' ()  FROM STDOUT WITH DELIMITER ','
             ^


COPY error on lines 132
COPY error: syntax error at or near "'erbacee'"
LINE 1: COPY 'erbacee' ()  FROM STDOUT WITH DELIMITER ','
             ^


COPY error on lines 133
COPY error: syntax error at or near "'erbacee'"
LINE 1: COPY 'erbacee' ()  FROM STDOUT WITH DELIMITER ','
             ^


COPY error on lines 134
COPY error: syntax error at or near "'erbacee'"
LINE 1: COPY 'erbacee' ()  FROM STDOUT WITH DELIMITER ','
             ^


COPY error on lines 135
COPY error: syntax error at or near "'erbacee'"
LINE 1: COPY 'erbacee' ()  FROM STDOUT WITH DELIMITER ','
             ^


COPY error on lines 136
COPY error: syntax error at or near "'erbacee'"
LINE 1: COPY 'erbacee' ()  FROM STDOUT WITH DELIMITER ','
             ^


COPY error on lines 137
COPY error: syntax error at or near "'erbacee'"
LINE 1: COPY 'erbacee' ()  FROM STDOUT WITH DELIMITER ','
             ^


COPY error on lines 138
COPY error: syntax error at or near "'erbacee'"
LINE 1: COPY 'erbacee' ()  FROM STDOUT WITH DELIMITER ','
             ^


COPY error on lines 139
COPY error: syntax error at or near "'erbacee'"
LINE 1: COPY 'erbacee' ()  FROM STDOUT WITH DELIMITER ','
             ^


COPY error on lines 140
COPY error: syntax error at or near "'erbacee'"
LINE 1: COPY 'erbacee' ()  FROM STDOUT WITH DELIMITER ','
             ^


COPY error on lines 141
COPY error: syntax error at or near "'erbacee'"
LINE 1: COPY 'erbacee' ()  FROM STDOUT WITH DELIMITER ','
             ^


COPY error on lines 142
COPY error: syntax error at or near "'erbacee'"
LINE 1: COPY 'erbacee' ()  FROM STDOUT WITH DELIMITER ','
             ^


COPY error on lines 143
COPY error: syntax error at or near "'erbacee'"
LINE 1: COPY 'erbacee' ()  FROM STDOUT WITH DELIMITER ','
             ^


COPY error on lines 144
COPY error: syntax error at or near "'erbacee'"
LINE 1: COPY 'erbacee' ()  FROM STDOUT WITH DELIMITER ','
             ^


COPY error on lines 145
COPY error: syntax error at or near "'erbacee'"
LINE 1: COPY 'erbacee' ()  FROM STDOUT WITH DELIMITER ','
             ^


COPY error on lines 146
COPY error: syntax error at or near "'erbacee'"
LINE 1: COPY 'erbacee' ()  FROM STDOUT WITH DELIMITER ','
             ^


COPY error on lines 147
COPY error: syntax error at or near "'erbacee'"
LINE 1: COPY 'erbacee' ()  FROM STDOUT WITH DELIMITER ','
             ^


COPY error on lines 148
COPY error: syntax error at or near "'erbacee'"
LINE 1: COPY 'erbacee' ()  FROM STDOUT WITH DELIMITER ','
             ^


COPY error on lines 149
COPY error: syntax error at or near "'erbacee'"
LINE 1: COPY 'erbacee' ()  FROM STDOUT WITH DELIMITER ','
             ^


COPY error on lines 150
COPY error: syntax error at or near "'erbacee'"
LINE 1: COPY 'erbacee' ()  FROM STDOUT WITH DELIMITER ','
             ^


COPY error on lines 151
COPY error: syntax error at or near "'erbacee'"
LINE 1: COPY 'erbacee' ()  FROM STDOUT WITH DELIMITER ','
             ^


COPY error on lines 152
COPY error: syntax error at or near "'erbacee'"
LINE 1: COPY 'erbacee' ()  FROM STDOUT WITH DELIMITER ','
             ^


COPY error on lines 153
COPY error: syntax error at or near "'erbacee'"
LINE 1: COPY 'erbacee' ()  FROM STDOUT WITH DELIMITER ','
             ^


COPY error on lines 154
COPY error: syntax error at or near "'erbacee'"
LINE 1: COPY 'erbacee' ()  FROM STDOUT WITH DELIMITER ','
             ^


COPY error on lines 155
COPY error: syntax error at or near "'erbacee'"
LINE 1: COPY 'erbacee' ()  FROM STDOUT WITH DELIMITER ','
             ^


COPY error on lines 156
COPY error: syntax error at or near "'erbacee'"
LINE 1: COPY 'erbacee' ()  FROM STDOUT WITH DELIMITER ','
             ^


COPY error on lines 157
COPY error: syntax error at or near "'erbacee'"
LINE 1: COPY 'erbacee' ()  FROM STDOUT WITH DELIMITER ','
             ^


COPY error on lines 158
COPY error: syntax error at or near "'erbacee'"
LINE 1: COPY 'erbacee' ()  FROM STDOUT WITH DELIMITER ','
             ^


COPY error on lines 159
COPY error: syntax error at or near "'erbacee'"
LINE 1: COPY 'erbacee' ()  FROM STDOUT WITH DELIMITER ','
             ^


COPY error on lines 160
COPY error: syntax error at or near "'erbacee'"
LINE 1: COPY 'erbacee' ()  FROM STDOUT WITH DELIMITER ','
             ^


COPY error on lines 161
COPY error: syntax error at or near "'erbacee'"
LINE 1: COPY 'erbacee' ()  FROM STDOUT WITH DELIMITER ','
             ^


COPY error on lines 162
COPY error: syntax error at or near "'erbacee'"
LINE 1: COPY 'erbacee' ()  FROM STDOUT WITH DELIMITER ','
             ^


COPY error on lines 163
COPY error: syntax error at or near "'erbacee'"
LINE 1: COPY 'erbacee' ()  FROM STDOUT WITH DELIMITER ','
             ^


COPY error on lines 164
COPY error: syntax error at or near "'erbacee'"
LINE 1: COPY 'erbacee' ()  FROM STDOUT WITH DELIMITER ','
             ^


COPY error on lines 165
COPY error: syntax error at or near "'erbacee'"
LINE 1: COPY 'erbacee' ()  FROM STDOUT WITH DELIMITER ','
             ^


COPY error on lines 166
COPY error: syntax error at or near "'erbacee'"
LINE 1: COPY 'erbacee' ()  FROM STDOUT WITH DELIMITER ','
             ^


COPY error on lines 167
COPY error: syntax error at or near "'erbacee'"
LINE 1: COPY 'erbacee' ()  FROM STDOUT WITH DELIMITER ','
             ^


COPY error on lines 168
COPY error: syntax error at or near "'erbacee'"
LINE 1: COPY 'erbacee' ()  FROM STDOUT WITH DELIMITER ','
             ^


COPY error on lines 169
COPY error: syntax error at or near "'erbacee'"
LINE 1: COPY 'erbacee' ()  FROM STDOUT WITH DELIMITER ','
             ^


COPY error on lines 170
COPY error: syntax error at or near "'erbacee'"
LINE 1: COPY 'erbacee' ()  FROM STDOUT WITH DELIMITER ','
             ^


COPY error on lines 171
COPY error: syntax error at or near "'erbacee'"
LINE 1: COPY 'erbacee' ()  FROM STDOUT WITH DELIMITER ','
             ^


COPY error on lines 172
COPY error: syntax error at or near "'erbacee'"
LINE 1: COPY 'erbacee' ()  FROM STDOUT WITH DELIMITER ','
             ^


COPY error on lines 173
COPY error: syntax error at or near "'erbacee'"
LINE 1: COPY 'erbacee' ()  FROM STDOUT WITH DELIMITER ','
             ^


COPY error on lines 174
COPY error: syntax error at or near "'erbacee'"
LINE 1: COPY 'erbacee' ()  FROM STDOUT WITH DELIMITER ','
             ^


COPY error on lines 175
COPY error: syntax error at or near "'erbacee'"
LINE 1: COPY 'erbacee' ()  FROM STDOUT WITH DELIMITER ','
             ^


COPY error on lines 176
COPY error: syntax error at or near "'erbacee'"
LINE 1: COPY 'erbacee' ()  FROM STDOUT WITH DELIMITER ','
             ^


COPY error on lines 177
COPY error: syntax error at or near "'erbacee'"
LINE 1: COPY 'erbacee' ()  FROM STDOUT WITH DELIMITER ','
             ^


COPY error on lines 178
COPY error: syntax error at or near "'erbacee'"
LINE 1: COPY 'erbacee' ()  FROM STDOUT WITH DELIMITER ','
             ^


COPY error on lines 179
COPY error: syntax error at or near "'erbacee'"
LINE 1: COPY 'erbacee' ()  FROM STDOUT WITH DELIMITER ','
             ^


COPY error on lines 180
COPY error: syntax error at or near "'erbacee'"
LINE 1: COPY 'erbacee' ()  FROM STDOUT WITH DELIMITER ','
             ^


COPY error on lines 181
COPY error: syntax error at or near "'erbacee'"
LINE 1: COPY 'erbacee' ()  FROM STDOUT WITH DELIMITER ','
             ^


COPY error on lines 182
COPY error: syntax error at or near "'erbacee'"
LINE 1: COPY 'erbacee' ()  FROM STDOUT WITH DELIMITER ','
             ^


COPY error on lines 183
COPY error: syntax error at or near "'erbacee'"
LINE 1: COPY 'erbacee' ()  FROM STDOUT WITH DELIMITER ','
             ^


COPY error on lines 184
COPY error: syntax error at or near "'erbacee'"
LINE 1: COPY 'erbacee' ()  FROM STDOUT WITH DELIMITER ','
             ^


COPY error on lines 185
COPY error: syntax error at or near "'erbacee'"
LINE 1: COPY 'erbacee' ()  FROM STDOUT WITH DELIMITER ','
             ^


COPY error on lines 186
COPY error: syntax error at or near "'erbacee'"
LINE 1: COPY 'erbacee' ()  FROM STDOUT WITH DELIMITER ','
             ^


COPY error on lines 187
COPY error: syntax error at or near "'erbacee'"
LINE 1: COPY 'erbacee' ()  FROM STDOUT WITH DELIMITER ','
             ^


COPY error on lines 188
COPY error: syntax error at or near "'erbacee'"
LINE 1: COPY 'erbacee' ()  FROM STDOUT WITH DELIMITER ','
             ^


COPY error on lines 189
COPY error: syntax error at or near "'erbacee'"
LINE 1: COPY 'erbacee' ()  FROM STDOUT WITH DELIMITER ','
             ^


COPY error on lines 190
COPY error: syntax error at or near "'erbacee'"
LINE 1: COPY 'erbacee' ()  FROM STDOUT WITH DELIMITER ','
             ^


COPY error on lines 191
COPY error: syntax error at or near "'erbacee'"
LINE 1: COPY 'erbacee' ()  FROM STDOUT WITH DELIMITER ','
             ^


COPY error on lines 192
COPY error: syntax error at or near "'erbacee'"
LINE 1: COPY 'erbacee' ()  FROM STDOUT WITH DELIMITER ','
             ^


COPY error on lines 193
COPY error: syntax error at or near "'erbacee'"
LINE 1: COPY 'erbacee' ()  FROM STDOUT WITH DELIMITER ','
             ^


COPY error on lines 194
COPY error: syntax error at or near "'erbacee'"
LINE 1: COPY 'erbacee' ()  FROM STDOUT WITH DELIMITER ','
             ^


COPY error on lines 195
COPY error: syntax error at or near "'erbacee'"
LINE 1: COPY 'erbacee' ()  FROM STDOUT WITH DELIMITER ','
             ^


COPY error on lines 196
COPY error: syntax error at or near "'erbacee'"
LINE 1: COPY 'erbacee' ()  FROM STDOUT WITH DELIMITER ','
             ^


COPY error on lines 197
COPY error: syntax error at or near "'erbacee'"
LINE 1: COPY 'erbacee' ()  FROM STDOUT WITH DELIMITER ','
             ^


COPY error on lines 198
COPY error: syntax error at or near "'erbacee'"
LINE 1: COPY 'erbacee' ()  FROM STDOUT WITH DELIMITER ','
             ^


COPY error on lines 199
COPY error: syntax error at or near "'erbacee'"
LINE 1: COPY 'erbacee' ()  FROM STDOUT WITH DELIMITER ','
             ^


COPY error on lines 200
COPY error: syntax error at or near "'erbacee'"
LINE 1: COPY 'erbacee' ()  FROM STDOUT WITH DELIMITER ','
             ^


COPY error on lines 201
COPY error: syntax error at or near "'erbacee'"
LINE 1: COPY 'erbacee' ()  FROM STDOUT WITH DELIMITER ','
             ^


COPY error on lines 202
COPY error: syntax error at or near "'erbacee'"
LINE 1: COPY 'erbacee' ()  FROM STDOUT WITH DELIMITER ','
             ^


COPY error on lines 203
COPY error: syntax error at or near "'erbacee'"
LINE 1: COPY 'erbacee' ()  FROM STDOUT WITH DELIMITER ','
             ^


COPY error on lines 204
COPY error: syntax error at or near "'erbacee'"
LINE 1: COPY 'erbacee' ()  FROM STDOUT WITH DELIMITER ','
             ^


COPY error on lines 205
COPY error: syntax error at or near "'erbacee'"
LINE 1: COPY 'erbacee' ()  FROM STDOUT WITH DELIMITER ','
             ^


COPY error on lines 206
COPY error: syntax error at or near "'erbacee'"
LINE 1: COPY 'erbacee' ()  FROM STDOUT WITH DELIMITER ','
             ^


COPY error on lines 207
COPY error: syntax error at or near "'erbacee'"
LINE 1: COPY 'erbacee' ()  FROM STDOUT WITH DELIMITER ','
             ^


COPY error on lines 208
COPY error: syntax error at or near "'erbacee'"
LINE 1: COPY 'erbacee' ()  FROM STDOUT WITH DELIMITER ','
             ^


COPY error on lines 209
COPY error: syntax error at or near "'erbacee'"
LINE 1: COPY 'erbacee' ()  FROM STDOUT WITH DELIMITER ','
             ^


COPY error on lines 210
COPY error: syntax error at or near "'erbacee'"
LINE 1: COPY 'erbacee' ()  FROM STDOUT WITH DELIMITER ','
             ^


COPY error on lines 211
COPY error: syntax error at or near "'erbacee'"
LINE 1: COPY 'erbacee' ()  FROM STDOUT WITH DELIMITER ','
             ^


COPY error on lines 212
COPY error: syntax error at or near "'erbacee'"
LINE 1: COPY 'erbacee' ()  FROM STDOUT WITH DELIMITER ','
             ^


COPY error on lines 213
COPY error: syntax error at or near "'erbacee'"
LINE 1: COPY 'erbacee' ()  FROM STDOUT WITH DELIMITER ','
             ^


COPY error on lines 214
COPY error: syntax error at or near "'erbacee'"
LINE 1: COPY 'erbacee' ()  FROM STDOUT WITH DELIMITER ','
             ^


COPY error on lines 215
COPY error: syntax error at or near "'erbacee'"
LINE 1: COPY 'erbacee' ()  FROM STDOUT WITH DELIMITER ','
             ^


COPY error on lines 216
COPY error: syntax error at or near "'erbacee'"
LINE 1: COPY 'erbacee' ()  FROM STDOUT WITH DELIMITER ','
             ^


COPY error on lines 217
COPY error: syntax error at or near "'erbacee'"
LINE 1: COPY 'erbacee' ()  FROM STDOUT WITH DELIMITER ','
             ^


COPY error on lines 218
COPY error: syntax error at or near "'erbacee'"
LINE 1: COPY 'erbacee' ()  FROM STDOUT WITH DELIMITER ','
             ^


COPY error on lines 219
COPY error: syntax error at or near "'erbacee'"
LINE 1: COPY 'erbacee' ()  FROM STDOUT WITH DELIMITER ','
             ^


COPY error on lines 220
COPY error: syntax error at or near "'erbacee'"
LINE 1: COPY 'erbacee' ()  FROM STDOUT WITH DELIMITER ','
             ^


COPY error on lines 221
COPY error: syntax error at or near "'erbacee'"
LINE 1: COPY 'erbacee' ()  FROM STDOUT WITH DELIMITER ','
             ^


COPY error on lines 222
COPY error: syntax error at or near "'erbacee'"
LINE 1: COPY 'erbacee' ()  FROM STDOUT WITH DELIMITER ','
             ^


COPY error on lines 223
COPY error: syntax error at or near "'erbacee'"
LINE 1: COPY 'erbacee' ()  FROM STDOUT WITH DELIMITER ','
             ^


COPY error on lines 224
COPY error: syntax error at or near "'erbacee'"
LINE 1: COPY 'erbacee' ()  FROM STDOUT WITH DELIMITER ','
             ^


COPY error on lines 225
COPY error: syntax error at or near "'erbacee'"
LINE 1: COPY 'erbacee' ()  FROM STDOUT WITH DELIMITER ','
             ^


COPY error on lines 226
COPY error: syntax error at or near "'erbacee'"
LINE 1: COPY 'erbacee' ()  FROM STDOUT WITH DELIMITER ','
             ^


COPY error on lines 227
COPY error: syntax error at or near "'erbacee'"
LINE 1: COPY 'erbacee' ()  FROM STDOUT WITH DELIMITER ','
             ^


COPY error on lines 228
COPY error: syntax error at or near "'erbacee'"
LINE 1: COPY 'erbacee' ()  FROM STDOUT WITH DELIMITER ','
             ^


COPY error on lines 229
COPY error: syntax error at or near "'erbacee'"
LINE 1: COPY 'erbacee' ()  FROM STDOUT WITH DELIMITER ','
             ^


COPY error on lines 230
COPY error: syntax error at or near "'erbacee'"
LINE 1: COPY 'erbacee' ()  FROM STDOUT WITH DELIMITER ','
             ^


COPY error on lines 231
COPY error: syntax error at or near "'erbacee'"
LINE 1: COPY 'erbacee' ()  FROM STDOUT WITH DELIMITER ','
             ^


COPY error on lines 232
COPY error: syntax error at or near "'erbacee'"
LINE 1: COPY 'erbacee' ()  FROM STDOUT WITH DELIMITER ','
             ^


COPY error on lines 233
COPY error: syntax error at or near "'erbacee'"
LINE 1: COPY 'erbacee' ()  FROM STDOUT WITH DELIMITER ','
             ^


